{"/home/travis/build/npmtest/node-npmtest-sifter/test.js":{"path":"/home/travis/build/npmtest/node-npmtest-sifter/test.js","s":{"1":2,"2":2,"3":2,"4":2,"5":2,"6":2,"7":2,"8":1,"9":2,"10":2,"11":1,"12":1,"13":1,"14":1,"15":2,"16":2,"17":2,"18":2,"19":1,"20":1,"21":2,"22":2,"23":2,"24":1,"25":1,"26":1,"27":1,"28":1,"29":1,"30":1,"31":1,"32":1,"33":1,"34":1,"35":1,"36":1,"37":1,"38":1,"39":2,"40":2,"41":1,"42":2,"43":2,"44":1,"45":2,"46":2,"47":1,"48":2,"49":2,"50":1,"51":1,"52":1,"53":1,"54":1},"b":{"1":[2,1,1,1],"2":[1,1,1,1],"3":[1,1],"4":[1,1],"5":[1,1],"6":[1,1],"7":[1,1],"8":[1,1],"9":[1,1],"10":[1,1,1],"11":[1,1],"12":[1,1],"13":[1,1],"14":[1,1],"15":[1,1],"16":[1,1],"17":[1,1]},"f":{"1":2,"2":2,"3":2,"4":2,"5":2,"6":1,"7":1,"8":1,"9":2,"10":2,"11":2,"12":2,"13":1},"fnMap":{"1":{"name":"(anonymous_1)","line":12,"loc":{"start":{"line":12,"column":1},"end":{"line":12,"column":13}}},"2":{"name":"(anonymous_2)","line":19,"loc":{"start":{"line":19,"column":5},"end":{"line":19,"column":17}}},"3":{"name":"(anonymous_3)","line":23,"loc":{"start":{"line":23,"column":24},"end":{"line":23,"column":36}}},"4":{"name":"(anonymous_4)","line":61,"loc":{"start":{"line":61,"column":5},"end":{"line":61,"column":17}}},"5":{"name":"(anonymous_5)","line":82,"loc":{"start":{"line":82,"column":5},"end":{"line":82,"column":17}}},"6":{"name":"(anonymous_6)","line":91,"loc":{"start":{"line":91,"column":77},"end":{"line":94,"column":10}}},"7":{"name":"(anonymous_7)","line":112,"loc":{"start":{"line":112,"column":83},"end":{"line":115,"column":10}},"skip":true},"8":{"name":"(anonymous_8)","line":123,"loc":{"start":{"line":123,"column":77},"end":{"line":126,"column":10}},"skip":true},"9":{"name":"(anonymous_9)","line":139,"loc":{"start":{"line":139,"column":12},"end":{"line":139,"column":40}},"skip":true},"10":{"name":"(anonymous_10)","line":147,"loc":{"start":{"line":147,"column":77},"end":{"line":150,"column":10}},"skip":true},"11":{"name":"(anonymous_11)","line":158,"loc":{"start":{"line":158,"column":83},"end":{"line":161,"column":10}},"skip":true},"12":{"name":"(anonymous_12)","line":169,"loc":{"start":{"line":169,"column":79},"end":{"line":172,"column":10}},"skip":true},"13":{"name":"(anonymous_13)","line":180,"loc":{"start":{"line":180,"column":75},"end":{"line":183,"column":10}},"skip":true}},"statementMap":{"1":{"start":{"line":12,"column":0},"end":{"line":195,"column":5}},"2":{"start":{"line":14,"column":4},"end":{"line":14,"column":14}},"3":{"start":{"line":19,"column":4},"end":{"line":56,"column":9}},"4":{"start":{"line":21,"column":8},"end":{"line":21,"column":19}},"5":{"start":{"line":23,"column":8},"end":{"line":35,"column":13}},"6":{"start":{"line":24,"column":12},"end":{"line":34,"column":13}},"7":{"start":{"line":25,"column":16},"end":{"line":28,"column":30}},"8":{"start":{"line":30,"column":16},"end":{"line":33,"column":27}},"9":{"start":{"line":37,"column":8},"end":{"line":39,"column":21}},"10":{"start":{"line":40,"column":8},"end":{"line":53,"column":9}},"11":{"start":{"line":43,"column":12},"end":{"line":46,"column":14}},"12":{"start":{"line":47,"column":12},"end":{"line":47,"column":18}},"13":{"start":{"line":50,"column":12},"end":{"line":51,"column":33}},"14":{"start":{"line":52,"column":12},"end":{"line":52,"column":18}},"15":{"start":{"line":55,"column":8},"end":{"line":55,"column":35}},"16":{"start":{"line":61,"column":4},"end":{"line":63,"column":9}},"17":{"start":{"line":62,"column":8},"end":{"line":62,"column":15}},"18":{"start":{"line":64,"column":4},"end":{"line":77,"column":5}},"19":{"start":{"line":70,"column":8},"end":{"line":70,"column":14}},"20":{"start":{"line":76,"column":8},"end":{"line":76,"column":14}},"21":{"start":{"line":82,"column":4},"end":{"line":84,"column":9}},"22":{"start":{"line":83,"column":8},"end":{"line":83,"column":15}},"23":{"start":{"line":85,"column":4},"end":{"line":194,"column":5}},"24":{"start":{"line":91,"column":8},"end":{"line":99,"column":10}},"25":{"start":{"line":98,"column":12},"end":{"line":98,"column":35}},"26":{"start":{"line":102,"column":8},"end":{"line":104,"column":63}},"27":{"start":{"line":105,"column":8},"end":{"line":105,"column":14}},"28":{"start":{"line":112,"column":8},"end":{"line":121,"column":10},"skip":true},"29":{"start":{"line":119,"column":12},"end":{"line":119,"column":55},"skip":true},"30":{"start":{"line":120,"column":12},"end":{"line":120,"column":48},"skip":true},"31":{"start":{"line":123,"column":8},"end":{"line":136,"column":10},"skip":true},"32":{"start":{"line":130,"column":12},"end":{"line":130,"column":76},"skip":true},"33":{"start":{"line":131,"column":12},"end":{"line":131,"column":73},"skip":true},"34":{"start":{"line":132,"column":12},"end":{"line":132,"column":74},"skip":true},"35":{"start":{"line":133,"column":12},"end":{"line":133,"column":79},"skip":true},"36":{"start":{"line":134,"column":12},"end":{"line":134,"column":25},"skip":true},"37":{"start":{"line":135,"column":12},"end":{"line":135,"column":45},"skip":true},"38":{"start":{"line":138,"column":8},"end":{"line":145,"column":14},"skip":true},"39":{"start":{"line":143,"column":16},"end":{"line":143,"column":29},"skip":true},"40":{"start":{"line":144,"column":16},"end":{"line":144,"column":55},"skip":true},"41":{"start":{"line":147,"column":8},"end":{"line":156,"column":10},"skip":true},"42":{"start":{"line":154,"column":12},"end":{"line":154,"column":25},"skip":true},"43":{"start":{"line":155,"column":12},"end":{"line":155,"column":45},"skip":true},"44":{"start":{"line":158,"column":8},"end":{"line":167,"column":10},"skip":true},"45":{"start":{"line":165,"column":12},"end":{"line":165,"column":25},"skip":true},"46":{"start":{"line":166,"column":12},"end":{"line":166,"column":48},"skip":true},"47":{"start":{"line":169,"column":8},"end":{"line":178,"column":10},"skip":true},"48":{"start":{"line":176,"column":12},"end":{"line":176,"column":25},"skip":true},"49":{"start":{"line":177,"column":12},"end":{"line":177,"column":46},"skip":true},"50":{"start":{"line":180,"column":8},"end":{"line":189,"column":10},"skip":true},"51":{"start":{"line":187,"column":12},"end":{"line":187,"column":94},"skip":true},"52":{"start":{"line":188,"column":12},"end":{"line":188,"column":48},"skip":true},"53":{"start":{"line":192,"column":8},"end":{"line":192,"column":35},"skip":true},"54":{"start":{"line":193,"column":8},"end":{"line":193,"column":14},"skip":true}},"branchMap":{"1":{"line":25,"type":"binary-expr","locations":[{"start":{"line":25,"column":23},"end":{"line":25,"column":62}},{"start":{"line":26,"column":20},"end":{"line":26,"column":70}},{"start":{"line":27,"column":20},"end":{"line":27,"column":71}},{"start":{"line":28,"column":20},"end":{"line":28,"column":29}}]},"2":{"line":30,"type":"binary-expr","locations":[{"start":{"line":30,"column":23},"end":{"line":30,"column":37}},{"start":{"line":31,"column":20},"end":{"line":31,"column":61}},{"start":{"line":32,"column":20},"end":{"line":32,"column":70}},{"start":{"line":33,"column":20},"end":{"line":33,"column":26}}]},"3":{"line":37,"type":"cond-expr","locations":[{"start":{"line":38,"column":14},"end":{"line":38,"column":20}},{"start":{"line":39,"column":14},"end":{"line":39,"column":20}}]},"4":{"line":40,"type":"switch","locations":[{"start":{"line":42,"column":8},"end":{"line":47,"column":18}},{"start":{"line":49,"column":8},"end":{"line":52,"column":18}}]},"5":{"line":44,"type":"binary-expr","locations":[{"start":{"line":44,"column":16},"end":{"line":44,"column":44}},{"start":{"line":44,"column":48},"end":{"line":44,"column":66}}]},"6":{"line":50,"type":"binary-expr","locations":[{"start":{"line":50,"column":21},"end":{"line":50,"column":49}},{"start":{"line":50,"column":53},"end":{"line":50,"column":72}}]},"7":{"line":64,"type":"switch","locations":[{"start":{"line":69,"column":4},"end":{"line":70,"column":14}},{"start":{"line":75,"column":4},"end":{"line":76,"column":14}}]},"8":{"line":85,"type":"switch","locations":[{"start":{"line":90,"column":4},"end":{"line":105,"column":14}},{"start":{"line":111,"column":4},"end":{"line":193,"column":14},"skip":true}]},"9":{"line":91,"type":"binary-expr","locations":[{"start":{"line":91,"column":42},"end":{"line":91,"column":73}},{"start":{"line":91,"column":77},"end":{"line":99,"column":9}}]},"10":{"line":102,"type":"binary-expr","locations":[{"start":{"line":102,"column":18},"end":{"line":102,"column":32}},{"start":{"line":103,"column":12},"end":{"line":103,"column":53}},{"start":{"line":104,"column":12},"end":{"line":104,"column":61}}]},"11":{"line":112,"type":"binary-expr","locations":[{"start":{"line":112,"column":45},"end":{"line":112,"column":79},"skip":true},{"start":{"line":112,"column":83},"end":{"line":121,"column":9},"skip":true}]},"12":{"line":123,"type":"binary-expr","locations":[{"start":{"line":123,"column":42},"end":{"line":123,"column":73},"skip":true},{"start":{"line":123,"column":77},"end":{"line":136,"column":9},"skip":true}]},"13":{"line":138,"type":"binary-expr","locations":[{"start":{"line":138,"column":48},"end":{"line":138,"column":85},"skip":true},{"start":{"line":139,"column":12},"end":{"line":145,"column":13},"skip":true}]},"14":{"line":147,"type":"binary-expr","locations":[{"start":{"line":147,"column":42},"end":{"line":147,"column":73},"skip":true},{"start":{"line":147,"column":77},"end":{"line":156,"column":9},"skip":true}]},"15":{"line":158,"type":"binary-expr","locations":[{"start":{"line":158,"column":45},"end":{"line":158,"column":79},"skip":true},{"start":{"line":158,"column":83},"end":{"line":167,"column":9},"skip":true}]},"16":{"line":169,"type":"binary-expr","locations":[{"start":{"line":169,"column":43},"end":{"line":169,"column":75},"skip":true},{"start":{"line":169,"column":79},"end":{"line":178,"column":9},"skip":true}]},"17":{"line":180,"type":"binary-expr","locations":[{"start":{"line":180,"column":41},"end":{"line":180,"column":71},"skip":true},{"start":{"line":180,"column":75},"end":{"line":189,"column":9},"skip":true}]}},"code":["/* istanbul instrument in package npmtest_sifter */","/*jslint","    bitwise: true,","    browser: true,","    maxerr: 8,","    maxlen: 96,","    node: true,","    nomen: true,","    regexp: true,","    stupid: true","*/","(function () {","    'use strict';","    var local;","","","","    // run shared js-env code - pre-init","    (function () {","        // init local","        local = {};","        // init modeJs","        local.modeJs = (function () {","            try {","                return typeof navigator.userAgent === 'string' &&","                    typeof document.querySelector('body') === 'object' &&","                    typeof XMLHttpRequest.prototype.open === 'function' &&","                    'browser';","            } catch (errorCaughtBrowser) {","                return module.exports &&","                    typeof process.versions.node === 'string' &&","                    typeof require('http').createServer === 'function' &&","                    'node';","            }","        }());","        // init global","        local.global = local.modeJs === 'browser'","            ? window","            : global;","        switch (local.modeJs) {","        // re-init local from window.local","        case 'browser':","            local = local.global.utility2.objectSetDefault(","                local.global.utility2_rollup || local.global.local,","                local.global.utility2","            );","            break;","        // re-init local from example.js","        case 'node':","            local = (local.global.utility2_rollup || require('utility2'))","                .requireReadme();","            break;","        }","        // export local","        local.global.local = local;","    }());","","","","    // run shared js-env code - function","    (function () {","        return;","    }());","    switch (local.modeJs) {","","","","    // run browser js-env code - function","    case 'browser':","        break;","","","","    // run node js-env code - function","    case 'node':","        break;","    }","","","","    // run shared js-env code - post-init","    (function () {","        return;","    }());","    switch (local.modeJs) {","","","","    // run browser js-env code - post-init","    case 'browser':","        local.testCase_browser_nullCase = local.testCase_browser_nullCase || function (","            options,","            onError","        ) {","        /*","         * this function will test browsers's null-case handling-behavior-behavior","         */","            onError(null, options);","        };","","        // run tests","        local.nop(local.modeTest &&","            document.querySelector('#testRunButton1') &&","            document.querySelector('#testRunButton1').click());","        break;","","","","    // run node js-env code - post-init","    /* istanbul ignore next */","    case 'node':","        local.testCase_buildApidoc_default = local.testCase_buildApidoc_default || function (","            options,","            onError","        ) {","        /*","         * this function will test buildApidoc's default handling-behavior-behavior","         */","            options = { modulePathList: module.paths };","            local.buildApidoc(options, onError);","        };","","        local.testCase_buildApp_default = local.testCase_buildApp_default || function (","            options,","            onError","        ) {","        /*","         * this function will test buildApp's default handling-behavior-behavior","         */","            local.testCase_buildReadme_default(options, local.onErrorThrow);","            local.testCase_buildLib_default(options, local.onErrorThrow);","            local.testCase_buildTest_default(options, local.onErrorThrow);","            local.testCase_buildCustomOrg_default(options, local.onErrorThrow);","            options = [];","            local.buildApp(options, onError);","        };","","        local.testCase_buildCustomOrg_default = local.testCase_buildCustomOrg_default ||","            function (options, onError) {","            /*","             * this function will test buildCustomOrg's default handling-behavior","             */","                options = {};","                local.buildCustomOrg(options, onError);","            };","","        local.testCase_buildLib_default = local.testCase_buildLib_default || function (","            options,","            onError","        ) {","        /*","         * this function will test buildLib's default handling-behavior","         */","            options = {};","            local.buildLib(options, onError);","        };","","        local.testCase_buildReadme_default = local.testCase_buildReadme_default || function (","            options,","            onError","        ) {","        /*","         * this function will test buildReadme's default handling-behavior-behavior","         */","            options = {};","            local.buildReadme(options, onError);","        };","","        local.testCase_buildTest_default = local.testCase_buildTest_default || function (","            options,","            onError","        ) {","        /*","         * this function will test buildTest's default handling-behavior","         */","            options = {};","            local.buildTest(options, onError);","        };","","        local.testCase_webpage_default = local.testCase_webpage_default || function (","            options,","            onError","        ) {","        /*","         * this function will test webpage's default handling-behavior","         */","            options = { modeCoverageMerge: true, url: local.serverLocalHost + '?modeTest=1' };","            local.browserTest(options, onError);","        };","","        // run test-server","        local.testRunServer(local);","        break;","    }","}());",""],"l":{"12":2,"14":2,"19":2,"21":2,"23":2,"24":2,"25":2,"30":1,"37":2,"40":2,"43":1,"47":1,"50":1,"52":1,"55":2,"61":2,"62":2,"64":2,"70":1,"76":1,"82":2,"83":2,"85":2,"91":1,"98":1,"102":1,"105":1,"112":1,"119":1,"120":1,"123":1,"130":1,"131":1,"132":1,"133":1,"134":1,"135":1,"138":1,"143":2,"144":2,"147":1,"154":2,"155":2,"158":1,"165":2,"166":2,"169":1,"176":2,"177":2,"180":1,"187":1,"188":1,"192":1,"193":1}},"/home/travis/build/npmtest/node-npmtest-sifter/lib.npmtest_sifter.js":{"path":"/home/travis/build/npmtest/node-npmtest-sifter/lib.npmtest_sifter.js","s":{"1":2,"2":2,"3":2,"4":2,"5":2,"6":2,"7":2,"8":1,"9":2,"10":2,"11":2,"12":2,"13":1,"14":1,"15":1,"16":1},"b":{"1":[2,1,1,1],"2":[1,1,1,1],"3":[1,1],"4":[2,2],"5":[1,1]},"f":{"1":2,"2":2,"3":2},"fnMap":{"1":{"name":"(anonymous_1)","line":12,"loc":{"start":{"line":12,"column":1},"end":{"line":12,"column":13}}},"2":{"name":"(anonymous_2)","line":19,"loc":{"start":{"line":19,"column":5},"end":{"line":19,"column":17}}},"3":{"name":"(anonymous_3)","line":23,"loc":{"start":{"line":23,"column":24},"end":{"line":23,"column":36}}}},"statementMap":{"1":{"start":{"line":12,"column":0},"end":{"line":53,"column":5}},"2":{"start":{"line":14,"column":4},"end":{"line":14,"column":14}},"3":{"start":{"line":19,"column":4},"end":{"line":52,"column":9}},"4":{"start":{"line":21,"column":8},"end":{"line":21,"column":19}},"5":{"start":{"line":23,"column":8},"end":{"line":35,"column":13}},"6":{"start":{"line":24,"column":12},"end":{"line":34,"column":13}},"7":{"start":{"line":25,"column":16},"end":{"line":28,"column":30}},"8":{"start":{"line":30,"column":16},"end":{"line":33,"column":27}},"9":{"start":{"line":37,"column":8},"end":{"line":39,"column":21}},"10":{"start":{"line":41,"column":8},"end":{"line":41,"column":54}},"11":{"start":{"line":43,"column":8},"end":{"line":43,"column":51}},"12":{"start":{"line":45,"column":8},"end":{"line":51,"column":9}},"13":{"start":{"line":46,"column":12},"end":{"line":46,"column":57}},"14":{"start":{"line":48,"column":12},"end":{"line":48,"column":35}},"15":{"start":{"line":49,"column":12},"end":{"line":49,"column":49}},"16":{"start":{"line":50,"column":12},"end":{"line":50,"column":43}}},"branchMap":{"1":{"line":25,"type":"binary-expr","locations":[{"start":{"line":25,"column":23},"end":{"line":25,"column":62}},{"start":{"line":26,"column":20},"end":{"line":26,"column":70}},{"start":{"line":27,"column":20},"end":{"line":27,"column":71}},{"start":{"line":28,"column":20},"end":{"line":28,"column":29}}]},"2":{"line":30,"type":"binary-expr","locations":[{"start":{"line":30,"column":23},"end":{"line":30,"column":37}},{"start":{"line":31,"column":20},"end":{"line":31,"column":61}},{"start":{"line":32,"column":20},"end":{"line":32,"column":70}},{"start":{"line":33,"column":20},"end":{"line":33,"column":26}}]},"3":{"line":37,"type":"cond-expr","locations":[{"start":{"line":38,"column":14},"end":{"line":38,"column":20}},{"start":{"line":39,"column":14},"end":{"line":39,"column":20}}]},"4":{"line":41,"type":"binary-expr","locations":[{"start":{"line":41,"column":16},"end":{"line":41,"column":44}},{"start":{"line":41,"column":48},"end":{"line":41,"column":53}}]},"5":{"line":45,"type":"if","locations":[{"start":{"line":45,"column":8},"end":{"line":45,"column":8}},{"start":{"line":45,"column":8},"end":{"line":45,"column":8}}]}},"code":["/* istanbul instrument in package npmtest_sifter */","/*jslint","    bitwise: true,","    browser: true,","    maxerr: 8,","    maxlen: 96,","    node: true,","    nomen: true,","    regexp: true,","    stupid: true","*/","(function () {","    'use strict';","    var local;","","","","    // run shared js-env code - pre-init","    (function () {","        // init local","        local = {};","        // init modeJs","        local.modeJs = (function () {","            try {","                return typeof navigator.userAgent === 'string' &&","                    typeof document.querySelector('body') === 'object' &&","                    typeof XMLHttpRequest.prototype.open === 'function' &&","                    'browser';","            } catch (errorCaughtBrowser) {","                return module.exports &&","                    typeof process.versions.node === 'string' &&","                    typeof require('http').createServer === 'function' &&","                    'node';","            }","        }());","        // init global","        local.global = local.modeJs === 'browser'","            ? window","            : global;","        // init utility2_rollup","        local = local.global.utility2_rollup || local;","        // init lib","        local.local = local.npmtest_sifter = local;","        // init exports","        if (local.modeJs === 'browser') {","            local.global.utility2_npmtest_sifter = local;","        } else {","            module.exports = local;","            module.exports.__dirname = __dirname;","            module.exports.module = module;","        }","    }());","}());",""],"l":{"12":2,"14":2,"19":2,"21":2,"23":2,"24":2,"25":2,"30":1,"37":2,"41":2,"43":2,"45":2,"46":1,"48":1,"49":1,"50":1}},"/home/travis/build/npmtest/node-npmtest-sifter/example.js":{"path":"/home/travis/build/npmtest/node-npmtest-sifter/example.js","s":{"1":2,"2":2,"3":2,"4":2,"5":2,"6":2,"7":2,"8":1,"9":2,"10":2,"11":2,"12":2,"13":1,"14":2,"15":2,"16":2,"17":2,"18":2,"19":0,"20":2,"21":1,"22":1,"23":1,"24":1,"25":1,"26":0,"27":0,"28":1,"29":1,"30":2,"31":0,"32":0,"33":0,"34":1,"35":2,"36":2,"37":3,"38":3,"39":3,"40":3,"41":0,"42":3,"43":3,"44":3,"45":1,"46":3,"47":1,"48":1,"49":1,"50":1,"51":1,"52":1,"53":1,"54":1,"55":1,"56":1,"57":0,"58":1,"59":6,"60":6,"61":1,"62":2,"63":0,"64":2,"65":1,"66":1,"67":0,"68":0,"69":0,"70":0,"71":0,"72":0,"73":0,"74":0,"75":0,"76":0,"77":0,"78":0,"79":0,"80":0,"81":0,"82":0,"83":0},"b":{"1":[2,1,1,1],"2":[1,1,1,1],"3":[1,1],"4":[2,2],"5":[1,1],"6":[1,1],"7":[2,0],"8":[2,1,1,1,1,1],"9":[0,2,0],"10":[1,1],"11":[2,1,1],"12":[1,0],"13":[0,2],"14":[2,0,0,0,0,0,0],"15":[0,3],"16":[3,0],"17":[1,1],"18":[0,1],"19":[1,2,0,2],"20":[1,0],"21":[1,1],"22":[0,0],"23":[0,0],"24":[0,0],"25":[0,0],"26":[0,0],"27":[0,0],"28":[0,0]},"f":{"1":2,"2":2,"3":2,"4":2,"5":2,"6":2,"7":3,"8":3,"9":3,"10":1,"11":6,"12":0},"fnMap":{"1":{"name":"(anonymous_1)","line":26,"loc":{"start":{"line":26,"column":1},"end":{"line":26,"column":13}}},"2":{"name":"(anonymous_2)","line":33,"loc":{"start":{"line":33,"column":5},"end":{"line":33,"column":17}}},"3":{"name":"(anonymous_3)","line":37,"loc":{"start":{"line":37,"column":24},"end":{"line":37,"column":36}}},"4":{"name":"(anonymous_4)","line":69,"loc":{"start":{"line":69,"column":31},"end":{"line":69,"column":48}},"skip":true},"5":{"name":"(anonymous_5)","line":78,"loc":{"start":{"line":78,"column":26},"end":{"line":78,"column":45}},"skip":true},"6":{"name":"(anonymous_6)","line":123,"loc":{"start":{"line":123,"column":33},"end":{"line":123,"column":48}},"skip":true},"7":{"name":"(anonymous_7)","line":125,"loc":{"start":{"line":125,"column":27},"end":{"line":125,"column":39}},"skip":true},"8":{"name":"(anonymous_8)","line":133,"loc":{"start":{"line":133,"column":59},"end":{"line":133,"column":74}},"skip":true},"9":{"name":"(anonymous_9)","line":143,"loc":{"start":{"line":143,"column":45},"end":{"line":143,"column":62}},"skip":true},"10":{"name":"(anonymous_10)","line":144,"loc":{"start":{"line":144,"column":73},"end":{"line":144,"column":92}},"skip":true},"11":{"name":"(anonymous_11)","line":272,"loc":{"start":{"line":272,"column":51},"end":{"line":272,"column":77}},"skip":true},"12":{"name":"(anonymous_12)","line":315,"loc":{"start":{"line":315,"column":32},"end":{"line":315,"column":61}},"skip":true}},"statementMap":{"1":{"start":{"line":26,"column":0},"end":{"line":326,"column":5}},"2":{"start":{"line":28,"column":4},"end":{"line":28,"column":14}},"3":{"start":{"line":33,"column":4},"end":{"line":60,"column":9}},"4":{"start":{"line":35,"column":8},"end":{"line":35,"column":19}},"5":{"start":{"line":37,"column":8},"end":{"line":49,"column":13}},"6":{"start":{"line":38,"column":12},"end":{"line":48,"column":13}},"7":{"start":{"line":39,"column":16},"end":{"line":42,"column":30}},"8":{"start":{"line":44,"column":16},"end":{"line":47,"column":27}},"9":{"start":{"line":51,"column":8},"end":{"line":53,"column":21}},"10":{"start":{"line":55,"column":8},"end":{"line":57,"column":45}},"11":{"start":{"line":59,"column":8},"end":{"line":59,"column":35}},"12":{"start":{"line":61,"column":4},"end":{"line":325,"column":5}},"13":{"start":{"line":69,"column":8},"end":{"line":121,"column":10},"skip":true},"14":{"start":{"line":70,"column":12},"end":{"line":88,"column":13},"skip":true},"15":{"start":{"line":76,"column":16},"end":{"line":87,"column":19},"skip":true},"16":{"start":{"line":79,"column":20},"end":{"line":86,"column":21},"skip":true},"17":{"start":{"line":82,"column":24},"end":{"line":82,"column":43},"skip":true},"18":{"start":{"line":83,"column":24},"end":{"line":83,"column":30},"skip":true},"19":{"start":{"line":85,"column":24},"end":{"line":85,"column":49},"skip":true},"20":{"start":{"line":89,"column":12},"end":{"line":107,"column":13},"skip":true},"21":{"start":{"line":92,"column":16},"end":{"line":102,"column":17},"skip":true},"22":{"start":{"line":93,"column":20},"end":{"line":93,"column":86},"skip":true},"23":{"start":{"line":94,"column":20},"end":{"line":95,"column":45},"skip":true},"24":{"start":{"line":96,"column":20},"end":{"line":96,"column":42},"skip":true},"25":{"start":{"line":97,"column":20},"end":{"line":97,"column":48},"skip":true},"26":{"start":{"line":100,"column":20},"end":{"line":100,"column":85},"skip":true},"27":{"start":{"line":101,"column":20},"end":{"line":101,"column":96},"skip":true},"28":{"start":{"line":103,"column":16},"end":{"line":103,"column":22},"skip":true},"29":{"start":{"line":106,"column":16},"end":{"line":106,"column":22},"skip":true},"30":{"start":{"line":108,"column":12},"end":{"line":120,"column":13},"skip":true},"31":{"start":{"line":114,"column":16},"end":{"line":119,"column":17},"skip":true},"32":{"start":{"line":116,"column":20},"end":{"line":116,"column":78},"skip":true},"33":{"start":{"line":118,"column":20},"end":{"line":118,"column":47},"skip":true},"34":{"start":{"line":123,"column":8},"end":{"line":141,"column":11},"skip":true},"35":{"start":{"line":124,"column":12},"end":{"line":124,"column":54},"skip":true},"36":{"start":{"line":125,"column":12},"end":{"line":140,"column":14},"skip":true},"37":{"start":{"line":126,"column":16},"end":{"line":126,"column":28},"skip":true},"38":{"start":{"line":127,"column":16},"end":{"line":127,"column":69},"skip":true},"39":{"start":{"line":128,"column":16},"end":{"line":128,"column":75},"skip":true},"40":{"start":{"line":129,"column":16},"end":{"line":131,"column":17},"skip":true},"41":{"start":{"line":130,"column":20},"end":{"line":130,"column":27},"skip":true},"42":{"start":{"line":133,"column":16},"end":{"line":137,"column":36},"skip":true},"43":{"start":{"line":134,"column":20},"end":{"line":136,"column":55},"skip":true},"44":{"start":{"line":139,"column":16},"end":{"line":139,"column":57},"skip":true},"45":{"start":{"line":143,"column":8},"end":{"line":147,"column":11},"skip":true},"46":{"start":{"line":144,"column":12},"end":{"line":146,"column":15},"skip":true},"47":{"start":{"line":145,"column":16},"end":{"line":145,"column":70},"skip":true},"48":{"start":{"line":149,"column":8},"end":{"line":149,"column":31},"skip":true},"49":{"start":{"line":150,"column":8},"end":{"line":150,"column":14},"skip":true},"50":{"start":{"line":158,"column":8},"end":{"line":158,"column":31},"skip":true},"51":{"start":{"line":160,"column":8},"end":{"line":160,"column":33},"skip":true},"52":{"start":{"line":161,"column":8},"end":{"line":161,"column":37},"skip":true},"53":{"start":{"line":162,"column":8},"end":{"line":162,"column":35},"skip":true},"54":{"start":{"line":164,"column":8},"end":{"line":164,"column":50},"skip":true},"55":{"start":{"line":166,"column":8},"end":{"line":256,"column":2},"skip":true},"56":{"start":{"line":258,"column":8},"end":{"line":286,"column":9},"skip":true},"57":{"start":{"line":259,"column":12},"end":{"line":269,"column":14},"skip":true},"58":{"start":{"line":271,"column":12},"end":{"line":285,"column":19},"skip":true},"59":{"start":{"line":274,"column":20},"end":{"line":274,"column":35},"skip":true},"60":{"start":{"line":275,"column":20},"end":{"line":284,"column":21},"skip":true},"61":{"start":{"line":277,"column":24},"end":{"line":277,"column":64},"skip":true},"62":{"start":{"line":279,"column":24},"end":{"line":279,"column":40},"skip":true},"63":{"start":{"line":281,"column":24},"end":{"line":281,"column":40},"skip":true},"64":{"start":{"line":283,"column":24},"end":{"line":283,"column":39},"skip":true},"65":{"start":{"line":288,"column":8},"end":{"line":290,"column":9},"skip":true},"66":{"start":{"line":289,"column":12},"end":{"line":289,"column":18},"skip":true},"67":{"start":{"line":291,"column":8},"end":{"line":293,"column":54},"skip":true},"68":{"start":{"line":296,"column":8},"end":{"line":301,"column":37},"skip":true},"69":{"start":{"line":303,"column":8},"end":{"line":303,"column":82},"skip":true},"70":{"start":{"line":306,"column":8},"end":{"line":308,"column":9},"skip":true},"71":{"start":{"line":307,"column":12},"end":{"line":307,"column":82},"skip":true},"72":{"start":{"line":310,"column":8},"end":{"line":312,"column":9},"skip":true},"73":{"start":{"line":311,"column":12},"end":{"line":311,"column":18},"skip":true},"74":{"start":{"line":313,"column":8},"end":{"line":313,"column":54},"skip":true},"75":{"start":{"line":314,"column":8},"end":{"line":314,"column":69},"skip":true},"76":{"start":{"line":315,"column":8},"end":{"line":323,"column":36},"skip":true},"77":{"start":{"line":316,"column":12},"end":{"line":316,"column":61},"skip":true},"78":{"start":{"line":317,"column":12},"end":{"line":320,"column":13},"skip":true},"79":{"start":{"line":318,"column":16},"end":{"line":318,"column":75},"skip":true},"80":{"start":{"line":319,"column":16},"end":{"line":319,"column":23},"skip":true},"81":{"start":{"line":321,"column":12},"end":{"line":321,"column":38},"skip":true},"82":{"start":{"line":322,"column":12},"end":{"line":322,"column":27},"skip":true},"83":{"start":{"line":324,"column":8},"end":{"line":324,"column":14},"skip":true}},"branchMap":{"1":{"line":39,"type":"binary-expr","locations":[{"start":{"line":39,"column":23},"end":{"line":39,"column":62}},{"start":{"line":40,"column":20},"end":{"line":40,"column":70}},{"start":{"line":41,"column":20},"end":{"line":41,"column":71}},{"start":{"line":42,"column":20},"end":{"line":42,"column":29}}]},"2":{"line":44,"type":"binary-expr","locations":[{"start":{"line":44,"column":23},"end":{"line":44,"column":37}},{"start":{"line":45,"column":20},"end":{"line":45,"column":61}},{"start":{"line":46,"column":20},"end":{"line":46,"column":70}},{"start":{"line":47,"column":20},"end":{"line":47,"column":26}}]},"3":{"line":51,"type":"cond-expr","locations":[{"start":{"line":52,"column":14},"end":{"line":52,"column":20}},{"start":{"line":53,"column":14},"end":{"line":53,"column":20}}]},"4":{"line":55,"type":"binary-expr","locations":[{"start":{"line":55,"column":16},"end":{"line":55,"column":44}},{"start":{"line":55,"column":49},"end":{"line":57,"column":43}}]},"5":{"line":55,"type":"cond-expr","locations":[{"start":{"line":56,"column":14},"end":{"line":56,"column":50}},{"start":{"line":57,"column":14},"end":{"line":57,"column":43}}]},"6":{"line":61,"type":"switch","locations":[{"start":{"line":68,"column":4},"end":{"line":150,"column":14},"skip":true},{"start":{"line":156,"column":4},"end":{"line":324,"column":14},"skip":true}]},"7":{"line":70,"type":"if","locations":[{"start":{"line":70,"column":12},"end":{"line":70,"column":12},"skip":true},{"start":{"line":70,"column":12},"end":{"line":70,"column":12},"skip":true}]},"8":{"line":70,"type":"binary-expr","locations":[{"start":{"line":70,"column":16},"end":{"line":70,"column":22},"skip":true},{"start":{"line":70,"column":27},"end":{"line":70,"column":32},"skip":true},{"start":{"line":71,"column":20},"end":{"line":71,"column":39},"skip":true},{"start":{"line":72,"column":20},"end":{"line":72,"column":49},"skip":true},{"start":{"line":73,"column":20},"end":{"line":73,"column":58},"skip":true},{"start":{"line":74,"column":20},"end":{"line":74,"column":69},"skip":true}]},"9":{"line":79,"type":"switch","locations":[{"start":{"line":80,"column":20},"end":{"line":80,"column":33},"skip":true},{"start":{"line":81,"column":20},"end":{"line":83,"column":30},"skip":true},{"start":{"line":84,"column":20},"end":{"line":85,"column":49},"skip":true}]},"10":{"line":89,"type":"switch","locations":[{"start":{"line":90,"column":12},"end":{"line":103,"column":22},"skip":true},{"start":{"line":105,"column":12},"end":{"line":106,"column":22},"skip":true}]},"11":{"line":89,"type":"binary-expr","locations":[{"start":{"line":89,"column":20},"end":{"line":89,"column":25},"skip":true},{"start":{"line":89,"column":29},"end":{"line":89,"column":48},"skip":true},{"start":{"line":89,"column":52},"end":{"line":89,"column":74},"skip":true}]},"12":{"line":92,"type":"if","locations":[{"start":{"line":92,"column":16},"end":{"line":92,"column":16},"skip":true},{"start":{"line":92,"column":16},"end":{"line":92,"column":16},"skip":true}]},"13":{"line":108,"type":"if","locations":[{"start":{"line":108,"column":12},"end":{"line":108,"column":12},"skip":true},{"start":{"line":108,"column":12},"end":{"line":108,"column":12},"skip":true}]},"14":{"line":108,"type":"binary-expr","locations":[{"start":{"line":108,"column":16},"end":{"line":108,"column":61},"skip":true},{"start":{"line":108,"column":66},"end":{"line":108,"column":72},"skip":true},{"start":{"line":108,"column":77},"end":{"line":108,"column":82},"skip":true},{"start":{"line":109,"column":20},"end":{"line":109,"column":39},"skip":true},{"start":{"line":110,"column":20},"end":{"line":110,"column":49},"skip":true},{"start":{"line":111,"column":20},"end":{"line":111,"column":58},"skip":true},{"start":{"line":112,"column":20},"end":{"line":112,"column":68},"skip":true}]},"15":{"line":129,"type":"if","locations":[{"start":{"line":129,"column":16},"end":{"line":129,"column":16},"skip":true},{"start":{"line":129,"column":16},"end":{"line":129,"column":16},"skip":true}]},"16":{"line":134,"type":"cond-expr","locations":[{"start":{"line":135,"column":26},"end":{"line":135,"column":29},"skip":true},{"start":{"line":136,"column":26},"end":{"line":136,"column":54},"skip":true}]},"17":{"line":164,"type":"binary-expr","locations":[{"start":{"line":164,"column":27},"end":{"line":164,"column":43},"skip":true},{"start":{"line":164,"column":47},"end":{"line":164,"column":49},"skip":true}]},"18":{"line":258,"type":"if","locations":[{"start":{"line":258,"column":8},"end":{"line":258,"column":8},"skip":true},{"start":{"line":258,"column":8},"end":{"line":258,"column":8},"skip":true}]},"19":{"line":275,"type":"switch","locations":[{"start":{"line":276,"column":20},"end":{"line":277,"column":64},"skip":true},{"start":{"line":278,"column":20},"end":{"line":279,"column":40},"skip":true},{"start":{"line":280,"column":20},"end":{"line":281,"column":40},"skip":true},{"start":{"line":282,"column":20},"end":{"line":283,"column":39},"skip":true}]},"20":{"line":288,"type":"if","locations":[{"start":{"line":288,"column":8},"end":{"line":288,"column":8},"skip":true},{"start":{"line":288,"column":8},"end":{"line":288,"column":8},"skip":true}]},"21":{"line":288,"type":"binary-expr","locations":[{"start":{"line":288,"column":12},"end":{"line":288,"column":40},"skip":true},{"start":{"line":288,"column":44},"end":{"line":288,"column":67},"skip":true}]},"22":{"line":292,"type":"binary-expr","locations":[{"start":{"line":292,"column":12},"end":{"line":292,"column":50},"skip":true},{"start":{"line":293,"column":12},"end":{"line":293,"column":53},"skip":true}]},"23":{"line":297,"type":"binary-expr","locations":[{"start":{"line":297,"column":12},"end":{"line":297,"column":64},"skip":true},{"start":{"line":298,"column":12},"end":{"line":301,"column":36},"skip":true}]},"24":{"line":303,"type":"binary-expr","locations":[{"start":{"line":303,"column":43},"end":{"line":303,"column":75},"skip":true},{"start":{"line":303,"column":79},"end":{"line":303,"column":81},"skip":true}]},"25":{"line":306,"type":"if","locations":[{"start":{"line":306,"column":8},"end":{"line":306,"column":8},"skip":true},{"start":{"line":306,"column":8},"end":{"line":306,"column":8},"skip":true}]},"26":{"line":310,"type":"if","locations":[{"start":{"line":310,"column":8},"end":{"line":310,"column":8},"skip":true},{"start":{"line":310,"column":8},"end":{"line":310,"column":8},"skip":true}]},"27":{"line":313,"type":"binary-expr","locations":[{"start":{"line":313,"column":27},"end":{"line":313,"column":43},"skip":true},{"start":{"line":313,"column":47},"end":{"line":313,"column":53},"skip":true}]},"28":{"line":317,"type":"if","locations":[{"start":{"line":317,"column":12},"end":{"line":317,"column":12},"skip":true},{"start":{"line":317,"column":12},"end":{"line":317,"column":12},"skip":true}]}},"code":["/*","example.js","","quickstart example","","instruction","    1. save this script as example.js","    2. run the shell command:","        $ npm install npmtest-sifter && PORT=8081 node example.js","    3. play with the browser-demo on http://127.0.0.1:8081","*/","","","","/* istanbul instrument in package npmtest_sifter */","/*jslint","    bitwise: true,","    browser: true,","    maxerr: 8,","    maxlen: 96,","    node: true,","    nomen: true,","    regexp: true,","    stupid: true","*/","(function () {","    'use strict';","    var local;","","","","    // run shared js-env code - pre-init","    (function () {","        // init local","        local = {};","        // init modeJs","        local.modeJs = (function () {","            try {","                return typeof navigator.userAgent === 'string' &&","                    typeof document.querySelector('body') === 'object' &&","                    typeof XMLHttpRequest.prototype.open === 'function' &&","                    'browser';","            } catch (errorCaughtBrowser) {","                return module.exports &&","                    typeof process.versions.node === 'string' &&","                    typeof require('http').createServer === 'function' &&","                    'node';","            }","        }());","        // init global","        local.global = local.modeJs === 'browser'","            ? window","            : global;","        // init utility2_rollup","        local = local.global.utility2_rollup || (local.modeJs === 'browser'","            ? local.global.utility2_npmtest_sifter","            : global.utility2_moduleExports);","        // export local","        local.global.local = local;","    }());","    switch (local.modeJs) {","","","","    // post-init","    // run browser js-env code - post-init","    /* istanbul ignore next */","    case 'browser':","        local.testRunBrowser = function (event) {","            if (!event || (event &&","                    event.currentTarget &&","                    event.currentTarget.className &&","                    event.currentTarget.className.includes &&","                    event.currentTarget.className.includes('onreset'))) {","                // reset output","                Array.from(","                    document.querySelectorAll('body > .resettable')","                ).forEach(function (element) {","                    switch (element.tagName) {","                    case 'INPUT':","                    case 'TEXTAREA':","                        element.value = '';","                        break;","                    default:","                        element.textContent = '';","                    }","                });","            }","            switch (event && event.currentTarget && event.currentTarget.id) {","            case 'testRunButton1':","                // show tests","                if (document.querySelector('#testReportDiv1').style.display === 'none') {","                    document.querySelector('#testReportDiv1').style.display = 'block';","                    document.querySelector('#testRunButton1').textContent =","                        'hide internal test';","                    local.modeTest = true;","                    local.testRunDefault(local);","                // hide tests","                } else {","                    document.querySelector('#testReportDiv1').style.display = 'none';","                    document.querySelector('#testRunButton1').textContent = 'run internal test';","                }","                break;","            // custom-case","            default:","                break;","            }","            if (document.querySelector('#inputTextareaEval1') && (!event || (event &&","                    event.currentTarget &&","                    event.currentTarget.className &&","                    event.currentTarget.className.includes &&","                    event.currentTarget.className.includes('oneval')))) {","                // try to eval input-code","                try {","                    /*jslint evil: true*/","                    eval(document.querySelector('#inputTextareaEval1').value);","                } catch (errorCaught) {","                    console.error(errorCaught);","                }","            }","        };","        // log stderr and stdout to #outputTextareaStdout1","        ['error', 'log'].forEach(function (key) {","            console[key + '_original'] = console[key];","            console[key] = function () {","                var element;","                console[key + '_original'].apply(console, arguments);","                element = document.querySelector('#outputTextareaStdout1');","                if (!element) {","                    return;","                }","                // append text to #outputTextareaStdout1","                element.value += Array.from(arguments).map(function (arg) {","                    return typeof arg === 'string'","                        ? arg","                        : JSON.stringify(arg, null, 4);","                }).join(' ') + '\\n';","                // scroll textarea to bottom","                element.scrollTop = element.scrollHeight;","            };","        });","        // init event-handling","        ['change', 'click', 'keyup'].forEach(function (event) {","            Array.from(document.querySelectorAll('.on' + event)).forEach(function (element) {","                element.addEventListener(event, local.testRunBrowser);","            });","        });","        // run tests","        local.testRunBrowser();","        break;","","","","    // run node js-env code - post-init","    /* istanbul ignore next */","    case 'node':","        // export local","        module.exports = local;","        // require modules","        local.fs = require('fs');","        local.http = require('http');","        local.url = require('url');","        // init assets","        local.assetsDict = local.assetsDict || {};","        /* jslint-ignore-begin */","        local.assetsDict['/assets.index.template.html'] = '\\","<!doctype html>\\n\\","<html lang=\"en\">\\n\\","<head>\\n\\","<meta charset=\"UTF-8\">\\n\\","<meta name=\"viewport\" content=\"width=device-width, initial-scale=1\">\\n\\","<title>{{env.npm_package_name}} (v{{env.npm_package_version}})</title>\\n\\","<style>\\n\\","/*csslint\\n\\","    box-sizing: false,\\n\\","    universal-selector: false\\n\\","*/\\n\\","* {\\n\\","    box-sizing: border-box;\\n\\","}\\n\\","body {\\n\\","    background: #dde;\\n\\","    font-family: Arial, Helvetica, sans-serif;\\n\\","    margin: 2rem;\\n\\","}\\n\\","body > * {\\n\\","    margin-bottom: 1rem;\\n\\","}\\n\\",".utility2FooterDiv {\\n\\","    margin-top: 20px;\\n\\","    text-align: center;\\n\\","}\\n\\","</style>\\n\\","<style>\\n\\","/*csslint\\n\\","*/\\n\\","textarea {\\n\\","    font-family: monospace;\\n\\","    height: 10rem;\\n\\","    width: 100%;\\n\\","}\\n\\","textarea[readonly] {\\n\\","    background: #ddd;\\n\\","}\\n\\","</style>\\n\\","</head>\\n\\","<body>\\n\\","<!-- utility2-comment\\n\\","<div id=\"ajaxProgressDiv1\" style=\"background: #d00; height: 2px; left: 0; margin: 0; padding: 0; position: fixed; top: 0; transition: background 0.5s, width 1.5s; width: 25%;\"></div>\\n\\","utility2-comment -->\\n\\","<h1>\\n\\","<!-- utility2-comment\\n\\","    <a\\n\\","        {{#if env.npm_package_homepage}}\\n\\","        href=\"{{env.npm_package_homepage}}\"\\n\\","        {{/if env.npm_package_homepage}}\\n\\","        target=\"_blank\"\\n\\","    >\\n\\","utility2-comment -->\\n\\","        {{env.npm_package_name}} (v{{env.npm_package_version}})\\n\\","<!-- utility2-comment\\n\\","    </a>\\n\\","utility2-comment -->\\n\\","</h1>\\n\\","<h3>{{env.npm_package_description}}</h3>\\n\\","<!-- utility2-comment\\n\\","<h4><a download href=\"assets.app.js\">download standalone app</a></h4>\\n\\","<button class=\"onclick onreset\" id=\"testRunButton1\">run internal test</button><br>\\n\\","<div id=\"testReportDiv1\" style=\"display: none;\"></div>\\n\\","utility2-comment -->\\n\\","\\n\\","\\n\\","\\n\\","<label>stderr and stdout</label>\\n\\","<textarea class=\"resettable\" id=\"outputTextareaStdout1\" readonly></textarea>\\n\\","<!-- utility2-comment\\n\\","{{#if isRollup}}\\n\\","<script src=\"assets.app.js\"></script>\\n\\","{{#unless isRollup}}\\n\\","utility2-comment -->\\n\\","<script src=\"assets.utility2.rollup.js\"></script>\\n\\","<script src=\"jsonp.utility2._stateInit?callback=window.utility2._stateInit\"></script>\\n\\","<script src=\"assets.npmtest_sifter.rollup.js\"></script>\\n\\","<script src=\"assets.example.js\"></script>\\n\\","<script src=\"assets.test.js\"></script>\\n\\","<!-- utility2-comment\\n\\","{{/if isRollup}}\\n\\","utility2-comment -->\\n\\","<div class=\"utility2FooterDiv\">\\n\\","    [ this app was created with\\n\\","    <a href=\"https://github.com/kaizhu256/node-utility2\" target=\"_blank\">utility2</a>\\n\\","    ]\\n\\","</div>\\n\\","</body>\\n\\","</html>\\n\\","';","        /* jslint-ignore-end */","        if (local.templateRender) {","            local.assetsDict['/'] = local.templateRender(","                local.assetsDict['/assets.index.template.html'],","                {","                    env: local.objectSetDefault(local.env, {","                        npm_package_description: 'the greatest app in the world!',","                        npm_package_name: 'my-app',","                        npm_package_nameAlias: 'my_app',","                        npm_package_version: '0.0.1'","                    })","                }","            );","        } else {","            local.assetsDict['/'] = local.assetsDict['/assets.index.template.html']","                .replace((/\\{\\{env\\.(\\w+?)\\}\\}/g), function (match0, match1) {","                    // jslint-hack","                    String(match0);","                    switch (match1) {","                    case 'npm_package_description':","                        return 'the greatest app in the world!';","                    case 'npm_package_name':","                        return 'my-app';","                    case 'npm_package_nameAlias':","                        return 'my_app';","                    case 'npm_package_version':","                        return '0.0.1';","                    }","                });","        }","        // run the cli","        if (local.global.utility2_rollup || module !== require.main) {","            break;","        }","        local.assetsDict['/assets.example.js'] =","            local.assetsDict['/assets.example.js'] ||","            local.fs.readFileSync(__filename, 'utf8');","        // bug-workaround - long $npm_package_buildCustomOrg","        /* jslint-ignore-begin */","        local.assetsDict['/assets.npmtest_sifter.rollup.js'] =","            local.assetsDict['/assets.npmtest_sifter.rollup.js'] ||","            local.fs.readFileSync(","                local.npmtest_sifter.__dirname + '/lib.npmtest_sifter.js',","                'utf8'","            ).replace((/^#!/), '//');","        /* jslint-ignore-end */","        local.assetsDict['/favicon.ico'] = local.assetsDict['/favicon.ico'] || '';","        // if $npm_config_timeout_exit exists,","        // then exit this process after $npm_config_timeout_exit ms","        if (Number(process.env.npm_config_timeout_exit)) {","            setTimeout(process.exit, Number(process.env.npm_config_timeout_exit));","        }","        // start server","        if (local.global.utility2_serverHttp1) {","            break;","        }","        process.env.PORT = process.env.PORT || '8081';","        console.error('server starting on port ' + process.env.PORT);","        local.http.createServer(function (request, response) {","            request.urlParsed = local.url.parse(request.url);","            if (local.assetsDict[request.urlParsed.pathname] !== undefined) {","                response.end(local.assetsDict[request.urlParsed.pathname]);","                return;","            }","            response.statusCode = 404;","            response.end();","        }).listen(process.env.PORT);","        break;","    }","}());",""],"l":{"26":2,"28":2,"33":2,"35":2,"37":2,"38":2,"39":2,"44":1,"51":2,"55":2,"59":2,"61":2,"69":1,"70":2,"76":2,"79":2,"82":2,"83":2,"85":1,"89":2,"92":1,"93":1,"94":1,"96":1,"97":1,"100":1,"101":1,"103":1,"106":1,"108":2,"114":1,"116":1,"118":1,"123":1,"124":2,"125":2,"126":3,"127":3,"128":3,"129":3,"130":1,"133":3,"134":3,"139":3,"143":1,"144":3,"145":1,"149":1,"150":1,"158":1,"160":1,"161":1,"162":1,"164":1,"166":1,"258":1,"259":1,"271":1,"274":6,"275":6,"277":1,"279":2,"281":1,"283":2,"288":1,"289":1,"291":1,"296":1,"303":1,"306":1,"307":1,"310":1,"311":1,"313":1,"314":1,"315":1,"316":1,"317":1,"318":1,"319":1,"321":1,"322":1,"324":1}},"/home/travis/build/npmtest/node-npmtest-sifter/node_modules/sifter/sifter.js":{"path":"/home/travis/build/npmtest/node-npmtest-sifter/node_modules/sifter/sifter.js","s":{"1":1,"2":1,"3":0,"4":1,"5":1,"6":0,"7":1,"8":0,"9":0,"10":1,"11":0,"12":0,"13":0,"14":0,"15":0,"16":0,"17":0,"18":0,"19":0,"20":0,"21":0,"22":0,"23":0,"24":0,"25":1,"26":0,"27":0,"28":0,"29":0,"30":0,"31":0,"32":0,"33":0,"34":0,"35":0,"36":1,"37":0,"38":0,"39":0,"40":0,"41":0,"42":0,"43":0,"44":0,"45":0,"46":0,"47":0,"48":0,"49":0,"50":0,"51":0,"52":0,"53":0,"54":0,"55":0,"56":0,"57":0,"58":0,"59":0,"60":0,"61":0,"62":0,"63":0,"64":0,"65":0,"66":0,"67":0,"68":0,"69":0,"70":0,"71":0,"72":0,"73":0,"74":0,"75":0,"76":0,"77":0,"78":0,"79":0,"80":0,"81":0,"82":0,"83":0,"84":0,"85":0,"86":0,"87":1,"88":0,"89":0,"90":0,"91":0,"92":0,"93":0,"94":0,"95":0,"96":0,"97":0,"98":0,"99":0,"100":0,"101":0,"102":0,"103":0,"104":0,"105":0,"106":0,"107":0,"108":0,"109":0,"110":0,"111":0,"112":0,"113":0,"114":0,"115":0,"116":0,"117":0,"118":0,"119":0,"120":0,"121":0,"122":0,"123":0,"124":0,"125":0,"126":0,"127":0,"128":0,"129":0,"130":0,"131":0,"132":1,"133":0,"134":0,"135":0,"136":0,"137":0,"138":0,"139":0,"140":0,"141":0,"142":0,"143":0,"144":0,"145":0,"146":1,"147":0,"148":0,"149":0,"150":0,"151":0,"152":0,"153":0,"154":0,"155":0,"156":0,"157":0,"158":0,"159":0,"160":0,"161":0,"162":0,"163":0,"164":0,"165":0,"166":0,"167":0,"168":1,"169":0,"170":0,"171":0,"172":0,"173":0,"174":0,"175":0,"176":0,"177":0,"178":1,"179":0,"180":0,"181":0,"182":0,"183":0,"184":0,"185":0,"186":0,"187":0,"188":1,"189":0,"190":0,"191":0,"192":0,"193":0,"194":0,"195":0,"196":1,"197":0,"198":1,"199":0,"200":1,"201":0,"202":1,"203":1,"204":1,"205":1,"206":1,"207":1,"208":25,"209":25,"210":25,"211":25,"212":525,"213":1,"214":1,"215":0,"216":0,"217":1},"b":{"1":[0,1],"2":[1,0],"3":[1,0],"4":[0,0],"5":[0,0],"6":[0,0],"7":[0,0],"8":[0,0],"9":[0,0],"10":[0,0],"11":[0,0],"12":[0,0],"13":[0,0],"14":[0,0],"15":[0,0],"16":[0,0],"17":[0,0],"18":[0,0],"19":[0,0],"20":[0,0],"21":[0,0],"22":[0,0],"23":[0,0,0],"24":[0,0],"25":[0,0],"26":[0,0],"27":[0,0],"28":[0,0],"29":[0,0],"30":[0,0],"31":[0,0],"32":[0,0],"33":[0,0],"34":[0,0],"35":[0,0],"36":[0,0],"37":[0,0],"38":[0,0],"39":[0,0],"40":[0,0],"41":[0,0],"42":[0,0],"43":[0,0],"44":[0,0],"45":[0,0],"46":[0,0],"47":[0,0],"48":[0,0],"49":[0,0],"50":[0,0],"51":[0,0],"52":[0,0],"53":[0,0],"54":[0,0],"55":[0,0],"56":[0,0],"57":[0,0],"58":[0,0],"59":[0,0],"60":[0,0],"61":[0,0],"62":[0,0],"63":[0,0],"64":[1,0,0,0],"65":[25,0]},"f":{"1":1,"2":1,"3":0,"4":0,"5":0,"6":0,"7":0,"8":0,"9":0,"10":0,"11":0,"12":0,"13":0,"14":0,"15":0,"16":0,"17":0,"18":0,"19":0,"20":0,"21":0,"22":0,"23":0,"24":0,"25":0,"26":0,"27":0,"28":0,"29":0,"30":0,"31":0,"32":1,"33":0,"34":0},"fnMap":{"1":{"name":"(anonymous_1)","line":17,"loc":{"start":{"line":17,"column":1},"end":{"line":17,"column":25}}},"2":{"name":"(anonymous_2)","line":25,"loc":{"start":{"line":25,"column":8},"end":{"line":25,"column":19}}},"3":{"name":"(anonymous_3)","line":36,"loc":{"start":{"line":36,"column":14},"end":{"line":36,"column":40}}},"4":{"name":"(anonymous_4)","line":48,"loc":{"start":{"line":48,"column":29},"end":{"line":48,"column":45}}},"5":{"name":"(anonymous_5)","line":85,"loc":{"start":{"line":85,"column":29},"end":{"line":85,"column":56}}},"6":{"name":"(anonymous_6)","line":88,"loc":{"start":{"line":88,"column":41},"end":{"line":88,"column":60}}},"7":{"name":"(anonymous_7)","line":94,"loc":{"start":{"line":94,"column":14},"end":{"line":94,"column":33}}},"8":{"name":"(anonymous_8)","line":116,"loc":{"start":{"line":116,"column":37},"end":{"line":116,"column":63}}},"9":{"name":"(anonymous_9)","line":134,"loc":{"start":{"line":134,"column":19},"end":{"line":134,"column":42}}},"10":{"name":"(anonymous_10)","line":154,"loc":{"start":{"line":154,"column":21},"end":{"line":154,"column":32}}},"11":{"name":"(anonymous_11)","line":157,"loc":{"start":{"line":157,"column":11},"end":{"line":157,"column":22}}},"12":{"name":"(anonymous_12)","line":160,"loc":{"start":{"line":160,"column":11},"end":{"line":160,"column":33}}},"13":{"name":"(anonymous_13)","line":164,"loc":{"start":{"line":164,"column":10},"end":{"line":164,"column":32}}},"14":{"name":"(anonymous_14)","line":173,"loc":{"start":{"line":173,"column":10},"end":{"line":173,"column":21}}},"15":{"name":"(anonymous_15)","line":176,"loc":{"start":{"line":176,"column":10},"end":{"line":176,"column":25}}},"16":{"name":"(anonymous_16)","line":182,"loc":{"start":{"line":182,"column":10},"end":{"line":182,"column":25}}},"17":{"name":"(anonymous_17)","line":192,"loc":{"start":{"line":192,"column":10},"end":{"line":192,"column":25}}},"18":{"name":"(anonymous_18)","line":210,"loc":{"start":{"line":210,"column":36},"end":{"line":210,"column":62}}},"19":{"name":"(anonymous_19)","line":225,"loc":{"start":{"line":225,"column":14},"end":{"line":225,"column":37}}},"20":{"name":"(anonymous_20)","line":274,"loc":{"start":{"line":274,"column":10},"end":{"line":274,"column":25}}},"21":{"name":"(anonymous_21)","line":281,"loc":{"start":{"line":281,"column":10},"end":{"line":281,"column":25}}},"22":{"name":"(anonymous_22)","line":305,"loc":{"start":{"line":305,"column":34},"end":{"line":305,"column":59}}},"23":{"name":"(anonymous_23)","line":350,"loc":{"start":{"line":350,"column":27},"end":{"line":350,"column":52}}},"24":{"name":"(anonymous_24)","line":364,"loc":{"start":{"line":364,"column":29},"end":{"line":364,"column":48}}},"25":{"name":"(anonymous_25)","line":371,"loc":{"start":{"line":371,"column":29},"end":{"line":371,"column":48}}},"26":{"name":"(anonymous_26)","line":391,"loc":{"start":{"line":391,"column":11},"end":{"line":391,"column":26}}},"27":{"name":"(anonymous_27)","line":402,"loc":{"start":{"line":402,"column":14},"end":{"line":402,"column":29}}},"28":{"name":"(anonymous_28)","line":423,"loc":{"start":{"line":423,"column":15},"end":{"line":423,"column":44}}},"29":{"name":"(anonymous_29)","line":431,"loc":{"start":{"line":431,"column":12},"end":{"line":431,"column":26}}},"30":{"name":"(anonymous_30)","line":435,"loc":{"start":{"line":435,"column":20},"end":{"line":435,"column":34}}},"31":{"name":"(anonymous_31)","line":439,"loc":{"start":{"line":439,"column":76},"end":{"line":439,"column":93}}},"32":{"name":"(anonymous_32)","line":471,"loc":{"start":{"line":471,"column":18},"end":{"line":471,"column":29}}},"33":{"name":"(anonymous_33)","line":485,"loc":{"start":{"line":485,"column":9},"end":{"line":485,"column":23}}},"34":{"name":"(anonymous_34)","line":486,"loc":{"start":{"line":486,"column":30},"end":{"line":486,"column":54}}}},"statementMap":{"1":{"start":{"line":17,"column":0},"end":{"line":497,"column":4}},"2":{"start":{"line":18,"column":1},"end":{"line":24,"column":2}},"3":{"start":{"line":19,"column":2},"end":{"line":19,"column":18}},"4":{"start":{"line":20,"column":8},"end":{"line":24,"column":2}},"5":{"start":{"line":21,"column":2},"end":{"line":21,"column":29}},"6":{"start":{"line":23,"column":2},"end":{"line":23,"column":26}},"7":{"start":{"line":36,"column":1},"end":{"line":39,"column":3}},"8":{"start":{"line":37,"column":2},"end":{"line":37,"column":21}},"9":{"start":{"line":38,"column":2},"end":{"line":38,"column":49}},"10":{"start":{"line":48,"column":1},"end":{"line":72,"column":3}},"11":{"start":{"line":49,"column":2},"end":{"line":49,"column":50}},"12":{"start":{"line":50,"column":2},"end":{"line":50,"column":41}},"13":{"start":{"line":50,"column":31},"end":{"line":50,"column":41}},"14":{"start":{"line":52,"column":2},"end":{"line":52,"column":26}},"15":{"start":{"line":53,"column":2},"end":{"line":53,"column":18}},"16":{"start":{"line":54,"column":2},"end":{"line":54,"column":32}},"17":{"start":{"line":56,"column":2},"end":{"line":69,"column":3}},"18":{"start":{"line":57,"column":3},"end":{"line":57,"column":34}},"19":{"start":{"line":58,"column":3},"end":{"line":64,"column":4}},"20":{"start":{"line":59,"column":4},"end":{"line":63,"column":5}},"21":{"start":{"line":60,"column":5},"end":{"line":62,"column":6}},"22":{"start":{"line":61,"column":6},"end":{"line":61,"column":73}},"23":{"start":{"line":65,"column":3},"end":{"line":68,"column":6}},"24":{"start":{"line":71,"column":2},"end":{"line":71,"column":16}},"25":{"start":{"line":85,"column":1},"end":{"line":104,"column":3}},"26":{"start":{"line":86,"column":2},"end":{"line":86,"column":15}},"27":{"start":{"line":87,"column":2},"end":{"line":101,"column":3}},"28":{"start":{"line":88,"column":3},"end":{"line":92,"column":5}},"29":{"start":{"line":89,"column":4},"end":{"line":91,"column":5}},"30":{"start":{"line":90,"column":5},"end":{"line":90,"column":32}},"31":{"start":{"line":94,"column":3},"end":{"line":100,"column":5}},"32":{"start":{"line":95,"column":4},"end":{"line":99,"column":5}},"33":{"start":{"line":96,"column":5},"end":{"line":98,"column":6}},"34":{"start":{"line":97,"column":6},"end":{"line":97,"column":37}},"35":{"start":{"line":103,"column":2},"end":{"line":103,"column":37}},"36":{"start":{"line":116,"column":1},"end":{"line":199,"column":3}},"37":{"start":{"line":117,"column":2},"end":{"line":117,"column":49}},"38":{"start":{"line":119,"column":2},"end":{"line":119,"column":21}},"39":{"start":{"line":120,"column":2},"end":{"line":120,"column":52}},"40":{"start":{"line":121,"column":2},"end":{"line":121,"column":30}},"41":{"start":{"line":122,"column":2},"end":{"line":122,"column":38}},"42":{"start":{"line":123,"column":2},"end":{"line":123,"column":30}},"43":{"start":{"line":124,"column":2},"end":{"line":124,"column":39}},"44":{"start":{"line":134,"column":2},"end":{"line":144,"column":4}},"45":{"start":{"line":135,"column":3},"end":{"line":135,"column":18}},"46":{"start":{"line":137,"column":3},"end":{"line":137,"column":24}},"47":{"start":{"line":137,"column":15},"end":{"line":137,"column":24}},"48":{"start":{"line":138,"column":3},"end":{"line":138,"column":31}},"49":{"start":{"line":139,"column":3},"end":{"line":139,"column":35}},"50":{"start":{"line":140,"column":3},"end":{"line":140,"column":28}},"51":{"start":{"line":140,"column":19},"end":{"line":140,"column":28}},"52":{"start":{"line":141,"column":3},"end":{"line":141,"column":46}},"53":{"start":{"line":142,"column":3},"end":{"line":142,"column":31}},"54":{"start":{"line":142,"column":18},"end":{"line":142,"column":31}},"55":{"start":{"line":143,"column":3},"end":{"line":143,"column":16}},"56":{"start":{"line":154,"column":2},"end":{"line":170,"column":7}},"57":{"start":{"line":155,"column":3},"end":{"line":155,"column":35}},"58":{"start":{"line":156,"column":3},"end":{"line":158,"column":4}},"59":{"start":{"line":157,"column":4},"end":{"line":157,"column":36}},"60":{"start":{"line":157,"column":24},"end":{"line":157,"column":33}},"61":{"start":{"line":159,"column":3},"end":{"line":163,"column":4}},"62":{"start":{"line":160,"column":4},"end":{"line":162,"column":6}},"63":{"start":{"line":161,"column":5},"end":{"line":161,"column":65}},"64":{"start":{"line":164,"column":3},"end":{"line":169,"column":5}},"65":{"start":{"line":165,"column":4},"end":{"line":167,"column":5}},"66":{"start":{"line":166,"column":5},"end":{"line":166,"column":65}},"67":{"start":{"line":168,"column":4},"end":{"line":168,"column":29}},"68":{"start":{"line":172,"column":2},"end":{"line":174,"column":3}},"69":{"start":{"line":173,"column":3},"end":{"line":173,"column":35}},"70":{"start":{"line":173,"column":23},"end":{"line":173,"column":32}},"71":{"start":{"line":175,"column":2},"end":{"line":179,"column":3}},"72":{"start":{"line":176,"column":3},"end":{"line":178,"column":5}},"73":{"start":{"line":177,"column":4},"end":{"line":177,"column":40}},"74":{"start":{"line":181,"column":2},"end":{"line":198,"column":3}},"75":{"start":{"line":182,"column":3},"end":{"line":190,"column":5}},"76":{"start":{"line":183,"column":4},"end":{"line":183,"column":14}},"77":{"start":{"line":184,"column":4},"end":{"line":188,"column":5}},"78":{"start":{"line":185,"column":5},"end":{"line":185,"column":42}},"79":{"start":{"line":186,"column":5},"end":{"line":186,"column":30}},"80":{"start":{"line":186,"column":21},"end":{"line":186,"column":30}},"81":{"start":{"line":187,"column":5},"end":{"line":187,"column":18}},"82":{"start":{"line":189,"column":4},"end":{"line":189,"column":29}},"83":{"start":{"line":192,"column":3},"end":{"line":197,"column":5}},"84":{"start":{"line":193,"column":4},"end":{"line":195,"column":5}},"85":{"start":{"line":194,"column":5},"end":{"line":194,"column":41}},"86":{"start":{"line":196,"column":4},"end":{"line":196,"column":29}},"87":{"start":{"line":210,"column":1},"end":{"line":294,"column":3}},"88":{"start":{"line":211,"column":2},"end":{"line":211,"column":104}},"89":{"start":{"line":213,"column":2},"end":{"line":213,"column":16}},"90":{"start":{"line":214,"column":2},"end":{"line":214,"column":47}},"91":{"start":{"line":215,"column":2},"end":{"line":215,"column":65}},"92":{"start":{"line":225,"column":2},"end":{"line":228,"column":4}},"93":{"start":{"line":226,"column":3},"end":{"line":226,"column":46}},"94":{"start":{"line":226,"column":26},"end":{"line":226,"column":46}},"95":{"start":{"line":227,"column":3},"end":{"line":227,"column":64}},"96":{"start":{"line":231,"column":2},"end":{"line":231,"column":14}},"97":{"start":{"line":232,"column":2},"end":{"line":238,"column":3}},"98":{"start":{"line":233,"column":3},"end":{"line":237,"column":4}},"99":{"start":{"line":234,"column":4},"end":{"line":236,"column":5}},"100":{"start":{"line":235,"column":5},"end":{"line":235,"column":26}},"101":{"start":{"line":242,"column":2},"end":{"line":260,"column":3}},"102":{"start":{"line":243,"column":3},"end":{"line":243,"column":25}},"103":{"start":{"line":244,"column":3},"end":{"line":249,"column":4}},"104":{"start":{"line":245,"column":4},"end":{"line":248,"column":5}},"105":{"start":{"line":246,"column":5},"end":{"line":246,"column":28}},"106":{"start":{"line":247,"column":5},"end":{"line":247,"column":11}},"107":{"start":{"line":250,"column":3},"end":{"line":252,"column":4}},"108":{"start":{"line":251,"column":4},"end":{"line":251,"column":57}},"109":{"start":{"line":254,"column":3},"end":{"line":259,"column":4}},"110":{"start":{"line":255,"column":4},"end":{"line":258,"column":5}},"111":{"start":{"line":256,"column":5},"end":{"line":256,"column":25}},"112":{"start":{"line":257,"column":5},"end":{"line":257,"column":11}},"113":{"start":{"line":262,"column":2},"end":{"line":262,"column":19}},"114":{"start":{"line":263,"column":2},"end":{"line":265,"column":3}},"115":{"start":{"line":264,"column":3},"end":{"line":264,"column":61}},"116":{"start":{"line":268,"column":2},"end":{"line":268,"column":31}},"117":{"start":{"line":269,"column":2},"end":{"line":293,"column":3}},"118":{"start":{"line":270,"column":3},"end":{"line":270,"column":15}},"119":{"start":{"line":271,"column":9},"end":{"line":293,"column":3}},"120":{"start":{"line":272,"column":3},"end":{"line":272,"column":27}},"121":{"start":{"line":273,"column":3},"end":{"line":273,"column":31}},"122":{"start":{"line":274,"column":3},"end":{"line":279,"column":5}},"123":{"start":{"line":275,"column":4},"end":{"line":278,"column":6}},"124":{"start":{"line":281,"column":3},"end":{"line":292,"column":5}},"125":{"start":{"line":282,"column":4},"end":{"line":282,"column":43}},"126":{"start":{"line":283,"column":4},"end":{"line":290,"column":5}},"127":{"start":{"line":284,"column":5},"end":{"line":284,"column":29}},"128":{"start":{"line":285,"column":5},"end":{"line":288,"column":7}},"129":{"start":{"line":289,"column":5},"end":{"line":289,"column":31}},"130":{"start":{"line":289,"column":17},"end":{"line":289,"column":31}},"131":{"start":{"line":291,"column":4},"end":{"line":291,"column":13}},"132":{"start":{"line":305,"column":1},"end":{"line":325,"column":3}},"133":{"start":{"line":306,"column":2},"end":{"line":306,"column":46}},"134":{"start":{"line":306,"column":33},"end":{"line":306,"column":46}},"135":{"start":{"line":308,"column":2},"end":{"line":308,"column":32}},"136":{"start":{"line":310,"column":2},"end":{"line":310,"column":41}},"137":{"start":{"line":311,"column":2},"end":{"line":311,"column":39}},"138":{"start":{"line":312,"column":2},"end":{"line":312,"column":45}},"139":{"start":{"line":314,"column":2},"end":{"line":314,"column":82}},"140":{"start":{"line":314,"column":49},"end":{"line":314,"column":82}},"141":{"start":{"line":315,"column":2},"end":{"line":315,"column":74}},"142":{"start":{"line":315,"column":45},"end":{"line":315,"column":74}},"143":{"start":{"line":316,"column":2},"end":{"line":316,"column":98}},"144":{"start":{"line":316,"column":57},"end":{"line":316,"column":98}},"145":{"start":{"line":318,"column":2},"end":{"line":324,"column":4}},"146":{"start":{"line":350,"column":1},"end":{"line":386,"column":3}},"147":{"start":{"line":351,"column":2},"end":{"line":351,"column":56}},"148":{"start":{"line":352,"column":2},"end":{"line":352,"column":14}},"149":{"start":{"line":353,"column":2},"end":{"line":353,"column":15}},"150":{"start":{"line":355,"column":2},"end":{"line":355,"column":47}},"151":{"start":{"line":356,"column":2},"end":{"line":356,"column":27}},"152":{"start":{"line":357,"column":2},"end":{"line":357,"column":25}},"153":{"start":{"line":360,"column":2},"end":{"line":360,"column":60}},"154":{"start":{"line":363,"column":2},"end":{"line":374,"column":3}},"155":{"start":{"line":364,"column":3},"end":{"line":369,"column":6}},"156":{"start":{"line":365,"column":4},"end":{"line":365,"column":27}},"157":{"start":{"line":366,"column":4},"end":{"line":368,"column":5}},"158":{"start":{"line":367,"column":5},"end":{"line":367,"column":51}},"159":{"start":{"line":371,"column":3},"end":{"line":373,"column":6}},"160":{"start":{"line":372,"column":4},"end":{"line":372,"column":46}},"161":{"start":{"line":376,"column":2},"end":{"line":376,"column":50}},"162":{"start":{"line":377,"column":2},"end":{"line":377,"column":42}},"163":{"start":{"line":377,"column":15},"end":{"line":377,"column":42}},"164":{"start":{"line":380,"column":2},"end":{"line":380,"column":37}},"165":{"start":{"line":381,"column":2},"end":{"line":383,"column":3}},"166":{"start":{"line":382,"column":3},"end":{"line":382,"column":55}},"167":{"start":{"line":385,"column":2},"end":{"line":385,"column":16}},"168":{"start":{"line":391,"column":1},"end":{"line":400,"column":3}},"169":{"start":{"line":392,"column":2},"end":{"line":394,"column":3}},"170":{"start":{"line":393,"column":3},"end":{"line":393,"column":39}},"171":{"start":{"line":395,"column":2},"end":{"line":395,"column":33}},"172":{"start":{"line":396,"column":2},"end":{"line":396,"column":33}},"173":{"start":{"line":397,"column":2},"end":{"line":397,"column":22}},"174":{"start":{"line":397,"column":13},"end":{"line":397,"column":22}},"175":{"start":{"line":398,"column":2},"end":{"line":398,"column":23}},"176":{"start":{"line":398,"column":13},"end":{"line":398,"column":23}},"177":{"start":{"line":399,"column":2},"end":{"line":399,"column":11}},"178":{"start":{"line":402,"column":1},"end":{"line":414,"column":3}},"179":{"start":{"line":403,"column":2},"end":{"line":403,"column":22}},"180":{"start":{"line":404,"column":2},"end":{"line":412,"column":3}},"181":{"start":{"line":405,"column":3},"end":{"line":405,"column":25}},"182":{"start":{"line":406,"column":3},"end":{"line":406,"column":25}},"183":{"start":{"line":406,"column":16},"end":{"line":406,"column":25}},"184":{"start":{"line":407,"column":3},"end":{"line":411,"column":4}},"185":{"start":{"line":408,"column":4},"end":{"line":410,"column":5}},"186":{"start":{"line":409,"column":5},"end":{"line":409,"column":22}},"187":{"start":{"line":413,"column":2},"end":{"line":413,"column":11}},"188":{"start":{"line":423,"column":1},"end":{"line":429,"column":3}},"189":{"start":{"line":424,"column":5},"end":{"line":424,"column":31}},"190":{"start":{"line":424,"column":24},"end":{"line":424,"column":31}},"191":{"start":{"line":425,"column":5},"end":{"line":425,"column":36}},"192":{"start":{"line":425,"column":19},"end":{"line":425,"column":36}},"193":{"start":{"line":426,"column":5},"end":{"line":426,"column":33}},"194":{"start":{"line":427,"column":5},"end":{"line":427,"column":55}},"195":{"start":{"line":428,"column":5},"end":{"line":428,"column":16}},"196":{"start":{"line":431,"column":1},"end":{"line":433,"column":3}},"197":{"start":{"line":432,"column":2},"end":{"line":432,"column":47}},"198":{"start":{"line":435,"column":1},"end":{"line":437,"column":3}},"199":{"start":{"line":436,"column":2},"end":{"line":436,"column":62}},"200":{"start":{"line":439,"column":1},"end":{"line":441,"column":3}},"201":{"start":{"line":440,"column":2},"end":{"line":440,"column":69}},"202":{"start":{"line":443,"column":1},"end":{"line":469,"column":3}},"203":{"start":{"line":471,"column":1},"end":{"line":490,"column":6}},"204":{"start":{"line":472,"column":2},"end":{"line":472,"column":21}},"205":{"start":{"line":473,"column":2},"end":{"line":473,"column":26}},"206":{"start":{"line":474,"column":2},"end":{"line":474,"column":18}},"207":{"start":{"line":475,"column":2},"end":{"line":483,"column":3}},"208":{"start":{"line":476,"column":3},"end":{"line":482,"column":4}},"209":{"start":{"line":477,"column":4},"end":{"line":477,"column":65}},"210":{"start":{"line":478,"column":4},"end":{"line":478,"column":28}},"211":{"start":{"line":479,"column":4},"end":{"line":481,"column":5}},"212":{"start":{"line":480,"column":5},"end":{"line":480,"column":33}},"213":{"start":{"line":484,"column":2},"end":{"line":484,"column":60}},"214":{"start":{"line":485,"column":2},"end":{"line":489,"column":4}},"215":{"start":{"line":486,"column":3},"end":{"line":488,"column":20}},"216":{"start":{"line":487,"column":4},"end":{"line":487,"column":33}},"217":{"start":{"line":496,"column":1},"end":{"line":496,"column":15}}},"branchMap":{"1":{"line":18,"type":"if","locations":[{"start":{"line":18,"column":1},"end":{"line":18,"column":1}},{"start":{"line":18,"column":1},"end":{"line":18,"column":1}}]},"2":{"line":18,"type":"binary-expr","locations":[{"start":{"line":18,"column":5},"end":{"line":18,"column":33}},{"start":{"line":18,"column":37},"end":{"line":18,"column":47}}]},"3":{"line":20,"type":"if","locations":[{"start":{"line":20,"column":8},"end":{"line":20,"column":8}},{"start":{"line":20,"column":8},"end":{"line":20,"column":8}}]},"4":{"line":38,"type":"binary-expr","locations":[{"start":{"line":38,"column":18},"end":{"line":38,"column":26}},{"start":{"line":38,"column":30},"end":{"line":38,"column":48}}]},"5":{"line":49,"type":"binary-expr","locations":[{"start":{"line":49,"column":22},"end":{"line":49,"column":27}},{"start":{"line":49,"column":31},"end":{"line":49,"column":33}}]},"6":{"line":50,"type":"if","locations":[{"start":{"line":50,"column":2},"end":{"line":50,"column":2}},{"start":{"line":50,"column":2},"end":{"line":50,"column":2}}]},"7":{"line":50,"type":"binary-expr","locations":[{"start":{"line":50,"column":6},"end":{"line":50,"column":12}},{"start":{"line":50,"column":16},"end":{"line":50,"column":29}}]},"8":{"line":58,"type":"if","locations":[{"start":{"line":58,"column":3},"end":{"line":58,"column":3}},{"start":{"line":58,"column":3},"end":{"line":58,"column":3}}]},"9":{"line":60,"type":"if","locations":[{"start":{"line":60,"column":5},"end":{"line":60,"column":5}},{"start":{"line":60,"column":5},"end":{"line":60,"column":5}}]},"10":{"line":87,"type":"if","locations":[{"start":{"line":87,"column":2},"end":{"line":87,"column":2}},{"start":{"line":87,"column":2},"end":{"line":87,"column":2}}]},"11":{"line":88,"type":"binary-expr","locations":[{"start":{"line":88,"column":14},"end":{"line":88,"column":37}},{"start":{"line":88,"column":41},"end":{"line":92,"column":4}}]},"12":{"line":96,"type":"if","locations":[{"start":{"line":96,"column":5},"end":{"line":96,"column":5}},{"start":{"line":96,"column":5},"end":{"line":96,"column":5}}]},"13":{"line":137,"type":"if","locations":[{"start":{"line":137,"column":3},"end":{"line":137,"column":3}},{"start":{"line":137,"column":3},"end":{"line":137,"column":3}}]},"14":{"line":138,"type":"binary-expr","locations":[{"start":{"line":138,"column":18},"end":{"line":138,"column":23}},{"start":{"line":138,"column":27},"end":{"line":138,"column":29}}]},"15":{"line":140,"type":"if","locations":[{"start":{"line":140,"column":3},"end":{"line":140,"column":3}},{"start":{"line":140,"column":3},"end":{"line":140,"column":3}}]},"16":{"line":142,"type":"if","locations":[{"start":{"line":142,"column":3},"end":{"line":142,"column":3}},{"start":{"line":142,"column":3},"end":{"line":142,"column":3}}]},"17":{"line":156,"type":"if","locations":[{"start":{"line":156,"column":3},"end":{"line":156,"column":3}},{"start":{"line":156,"column":3},"end":{"line":156,"column":3}}]},"18":{"line":159,"type":"if","locations":[{"start":{"line":159,"column":3},"end":{"line":159,"column":3}},{"start":{"line":159,"column":3},"end":{"line":159,"column":3}}]},"19":{"line":172,"type":"if","locations":[{"start":{"line":172,"column":2},"end":{"line":172,"column":2}},{"start":{"line":172,"column":2},"end":{"line":172,"column":2}}]},"20":{"line":175,"type":"if","locations":[{"start":{"line":175,"column":2},"end":{"line":175,"column":2}},{"start":{"line":175,"column":2},"end":{"line":175,"column":2}}]},"21":{"line":181,"type":"if","locations":[{"start":{"line":181,"column":2},"end":{"line":181,"column":2}},{"start":{"line":181,"column":2},"end":{"line":181,"column":2}}]},"22":{"line":186,"type":"if","locations":[{"start":{"line":186,"column":5},"end":{"line":186,"column":5}},{"start":{"line":186,"column":5},"end":{"line":186,"column":5}}]},"23":{"line":215,"type":"binary-expr","locations":[{"start":{"line":215,"column":12},"end":{"line":215,"column":25}},{"start":{"line":215,"column":29},"end":{"line":215,"column":47}},{"start":{"line":215,"column":52},"end":{"line":215,"column":64}}]},"24":{"line":226,"type":"if","locations":[{"start":{"line":226,"column":3},"end":{"line":226,"column":3}},{"start":{"line":226,"column":3},"end":{"line":226,"column":3}}]},"25":{"line":232,"type":"if","locations":[{"start":{"line":232,"column":2},"end":{"line":232,"column":2}},{"start":{"line":232,"column":2},"end":{"line":232,"column":2}}]},"26":{"line":234,"type":"if","locations":[{"start":{"line":234,"column":4},"end":{"line":234,"column":4}},{"start":{"line":234,"column":4},"end":{"line":234,"column":4}}]},"27":{"line":234,"type":"binary-expr","locations":[{"start":{"line":234,"column":8},"end":{"line":234,"column":20}},{"start":{"line":234,"column":24},"end":{"line":234,"column":50}}]},"28":{"line":242,"type":"if","locations":[{"start":{"line":242,"column":2},"end":{"line":242,"column":2}},{"start":{"line":242,"column":2},"end":{"line":242,"column":2}}]},"29":{"line":245,"type":"if","locations":[{"start":{"line":245,"column":4},"end":{"line":245,"column":4}},{"start":{"line":245,"column":4},"end":{"line":245,"column":4}}]},"30":{"line":250,"type":"if","locations":[{"start":{"line":250,"column":3},"end":{"line":250,"column":3}},{"start":{"line":250,"column":3},"end":{"line":250,"column":3}}]},"31":{"line":255,"type":"if","locations":[{"start":{"line":255,"column":4},"end":{"line":255,"column":4}},{"start":{"line":255,"column":4},"end":{"line":255,"column":4}}]},"32":{"line":264,"type":"cond-expr","locations":[{"start":{"line":264,"column":53},"end":{"line":264,"column":55}},{"start":{"line":264,"column":58},"end":{"line":264,"column":59}}]},"33":{"line":269,"type":"if","locations":[{"start":{"line":269,"column":2},"end":{"line":269,"column":2}},{"start":{"line":269,"column":2},"end":{"line":269,"column":2}}]},"34":{"line":271,"type":"if","locations":[{"start":{"line":271,"column":9},"end":{"line":271,"column":9}},{"start":{"line":271,"column":9},"end":{"line":271,"column":9}}]},"35":{"line":289,"type":"if","locations":[{"start":{"line":289,"column":5},"end":{"line":289,"column":5}},{"start":{"line":289,"column":5},"end":{"line":289,"column":5}}]},"36":{"line":306,"type":"if","locations":[{"start":{"line":306,"column":2},"end":{"line":306,"column":2}},{"start":{"line":306,"column":2},"end":{"line":306,"column":2}}]},"37":{"line":314,"type":"if","locations":[{"start":{"line":314,"column":2},"end":{"line":314,"column":2}},{"start":{"line":314,"column":2},"end":{"line":314,"column":2}}]},"38":{"line":314,"type":"binary-expr","locations":[{"start":{"line":314,"column":6},"end":{"line":314,"column":19}},{"start":{"line":314,"column":23},"end":{"line":314,"column":47}}]},"39":{"line":315,"type":"if","locations":[{"start":{"line":315,"column":2},"end":{"line":315,"column":2}},{"start":{"line":315,"column":2},"end":{"line":315,"column":2}}]},"40":{"line":315,"type":"binary-expr","locations":[{"start":{"line":315,"column":6},"end":{"line":315,"column":17}},{"start":{"line":315,"column":21},"end":{"line":315,"column":43}}]},"41":{"line":316,"type":"if","locations":[{"start":{"line":316,"column":2},"end":{"line":316,"column":2}},{"start":{"line":316,"column":2},"end":{"line":316,"column":2}}]},"42":{"line":316,"type":"binary-expr","locations":[{"start":{"line":316,"column":6},"end":{"line":316,"column":23}},{"start":{"line":316,"column":27},"end":{"line":316,"column":55}}]},"43":{"line":320,"type":"binary-expr","locations":[{"start":{"line":320,"column":20},"end":{"line":320,"column":25}},{"start":{"line":320,"column":29},"end":{"line":320,"column":31}}]},"44":{"line":360,"type":"binary-expr","locations":[{"start":{"line":360,"column":13},"end":{"line":360,"column":26}},{"start":{"line":360,"column":30},"end":{"line":360,"column":59}}]},"45":{"line":363,"type":"if","locations":[{"start":{"line":363,"column":2},"end":{"line":363,"column":2}},{"start":{"line":363,"column":2},"end":{"line":363,"column":2}}]},"46":{"line":366,"type":"if","locations":[{"start":{"line":366,"column":4},"end":{"line":366,"column":4}},{"start":{"line":366,"column":4},"end":{"line":366,"column":4}}]},"47":{"line":366,"type":"binary-expr","locations":[{"start":{"line":366,"column":8},"end":{"line":366,"column":32}},{"start":{"line
[...]
":366,"column":4}}]},"47":{"line":366,"type":"binary-expr","locations":[{"start":{"line":366,"column":8},"end":{"line":366,"column":32}},{"start":{"line":366,"column":36},"end":{"line":366,"column":45}}]},"48":{"line":377,"type":"if","locations":[{"start":{"line":377,"column":2},"end":{"line":377,"column":2}},{"start":{"line":377,"column":2},"end":{"line":377,"column":2}}]},"49":{"line":381,"type":"if","locations":[{"start":{"line":381,"column":2},"end":{"line":381,"column":2}},{"start":{"line":381,"column":2},"end":{"line":381,"column":2}}]},"50":{"line":392,"type":"if","locations":[{"start":{"line":392,"column":2},"end":{"line":392,"column":2}},{"start":{"line":392,"column":2},"end":{"line":392,"column":2}}]},"51":{"line":392,"type":"binary-expr","locations":[{"start":{"line":392,"column":6},"end":{"line":392,"column":27}},{"start":{"line":392,"column":31},"end":{"line":392,"column":52}}]},"52":{"line":393,"type":"cond-expr","locations":[{"start":{"line":393,"column":18},"end":{"line":393,"column":19}},{"start":{"line":393,"column":23},"end":{"line":393,"column":37}}]},"53":{"line":393,"type":"cond-expr","locations":[{"start":{"line":393,"column":31},"end":{"line":393,"column":33}},{"start":{"line":393,"column":36},"end":{"line":393,"column":37}}]},"54":{"line":395,"type":"binary-expr","locations":[{"start":{"line":395,"column":23},"end":{"line":395,"column":24}},{"start":{"line":395,"column":28},"end":{"line":395,"column":30}}]},"55":{"line":396,"type":"binary-expr","locations":[{"start":{"line":396,"column":23},"end":{"line":396,"column":24}},{"start":{"line":396,"column":28},"end":{"line":396,"column":30}}]},"56":{"line":397,"type":"if","locations":[{"start":{"line":397,"column":2},"end":{"line":397,"column":2}},{"start":{"line":397,"column":2},"end":{"line":397,"column":2}}]},"57":{"line":398,"type":"if","locations":[{"start":{"line":398,"column":2},"end":{"line":398,"column":2}},{"start":{"line":398,"column":2},"end":{"line":398,"column":2}}]},"58":{"line":406,"type":"if","locations":[{"start":{"line":406,"column":3},"end":{"line":406,"column":3}},{"start":{"line":406,"column":3},"end":{"line":406,"column":3}}]},"59":{"line":408,"type":"if","locations":[{"start":{"line":408,"column":4},"end":{"line":408,"column":4}},{"start":{"line":408,"column":4},"end":{"line":408,"column":4}}]},"60":{"line":424,"type":"if","locations":[{"start":{"line":424,"column":5},"end":{"line":424,"column":5}},{"start":{"line":424,"column":5},"end":{"line":424,"column":5}}]},"61":{"line":424,"type":"binary-expr","locations":[{"start":{"line":424,"column":9},"end":{"line":424,"column":13}},{"start":{"line":424,"column":17},"end":{"line":424,"column":22}}]},"62":{"line":425,"type":"if","locations":[{"start":{"line":425,"column":5},"end":{"line":425,"column":5}},{"start":{"line":425,"column":5},"end":{"line":425,"column":5}}]},"63":{"line":427,"type":"binary-expr","locations":[{"start":{"line":427,"column":11},"end":{"line":427,"column":23}},{"start":{"line":427,"column":28},"end":{"line":427,"column":52}}]},"64":{"line":439,"type":"binary-expr","locations":[{"start":{"line":439,"column":16},"end":{"line":439,"column":29}},{"start":{"line":439,"column":34},"end":{"line":439,"column":58}},{"start":{"line":439,"column":62},"end":{"line":439,"column":71}},{"start":{"line":439,"column":76},"end":{"line":441,"column":2}}]},"65":{"line":476,"type":"if","locations":[{"start":{"line":476,"column":3},"end":{"line":476,"column":3}},{"start":{"line":476,"column":3},"end":{"line":476,"column":3}}]}},"code":["/**"," * sifter.js"," * Copyright (c) 2013 Brian Reavis & contributors"," *"," * Licensed under the Apache License, Version 2.0 (the \"License\"); you may not use this"," * file except in compliance with the License. You may obtain a copy of the License at:"," * http://www.apache.org/licenses/LICENSE-2.0"," *"," * Unless required by applicable law or agreed to in writing, software distributed under"," * the License is distributed on an \"AS IS\" BASIS, WITHOUT WARRANTIES OR CONDITIONS OF"," * ANY KIND, either express or implied. See the License for the specific language"," * governing permissions and limitations under the License."," *"," * @author Brian Reavis <brian@thirdroute.com>"," */","","(function(root, factory) {","\tif (typeof define === 'function' && define.amd) {","\t\tdefine(factory);","\t} else if (typeof exports === 'object') {","\t\tmodule.exports = factory();","\t} else {","\t\troot.Sifter = factory();","\t}","}(this, function() {","","\t/**","\t * Textually searches arrays and hashes of objects","\t * by property (or multiple properties). Designed","\t * specifically for autocomplete.","\t *","\t * @constructor","\t * @param {array|object} items","\t * @param {object} items","\t */","\tvar Sifter = function(items, settings) {","\t\tthis.items = items;","\t\tthis.settings = settings || {diacritics: true};","\t};","","\t/**","\t * Splits a search string into an array of individual","\t * regexps to be used to match results.","\t *","\t * @param {string} query","\t * @returns {array}","\t */","\tSifter.prototype.tokenize = function(query) {","\t\tquery = trim(String(query || '').toLowerCase());","\t\tif (!query || !query.length) return [];","","\t\tvar i, n, regex, letter;","\t\tvar tokens = [];","\t\tvar words = query.split(/ +/);","","\t\tfor (i = 0, n = words.length; i < n; i++) {","\t\t\tregex = escape_regex(words[i]);","\t\t\tif (this.settings.diacritics) {","\t\t\t\tfor (letter in DIACRITICS) {","\t\t\t\t\tif (DIACRITICS.hasOwnProperty(letter)) {","\t\t\t\t\t\tregex = regex.replace(new RegExp(letter, 'g'), DIACRITICS[letter]);","\t\t\t\t\t}","\t\t\t\t}","\t\t\t}","\t\t\ttokens.push({","\t\t\t\tstring : words[i],","\t\t\t\tregex  : new RegExp(regex, 'i')","\t\t\t});","\t\t}","","\t\treturn tokens;","\t};","","\t/**","\t * Iterates over arrays and hashes.","\t *","\t * ```","\t * this.iterator(this.items, function(item, id) {","\t *    // invoked for each item","\t * });","\t * ```","\t *","\t * @param {array|object} object","\t */","\tSifter.prototype.iterator = function(object, callback) {","\t\tvar iterator;","\t\tif (is_array(object)) {","\t\t\titerator = Array.prototype.forEach || function(callback) {","\t\t\t\tfor (var i = 0, n = this.length; i < n; i++) {","\t\t\t\t\tcallback(this[i], i, this);","\t\t\t\t}","\t\t\t};","\t\t} else {","\t\t\titerator = function(callback) {","\t\t\t\tfor (var key in this) {","\t\t\t\t\tif (this.hasOwnProperty(key)) {","\t\t\t\t\t\tcallback(this[key], key, this);","\t\t\t\t\t}","\t\t\t\t}","\t\t\t};","\t\t}","","\t\titerator.apply(object, [callback]);","\t};","","\t/**","\t * Returns a function to be used to score individual results.","\t *","\t * Good matches will have a higher score than poor matches.","\t * If an item is not a match, 0 will be returned by the function.","\t *","\t * @param {object|string} search","\t * @param {object} options (optional)","\t * @returns {function}","\t */","\tSifter.prototype.getScoreFunction = function(search, options) {","\t\tvar self, fields, tokens, token_count, nesting;","","\t\tself        = this;","\t\tsearch      = self.prepareSearch(search, options);","\t\ttokens      = search.tokens;","\t\tfields      = search.options.fields;","\t\ttoken_count = tokens.length;","\t\tnesting     = search.options.nesting;","","\t\t/**","\t\t * Calculates how close of a match the","\t\t * given value is against a search token.","\t\t *","\t\t * @param {mixed} value","\t\t * @param {object} token","\t\t * @return {number}","\t\t */","\t\tvar scoreValue = function(value, token) {","\t\t\tvar score, pos;","","\t\t\tif (!value) return 0;","\t\t\tvalue = String(value || '');","\t\t\tpos = value.search(token.regex);","\t\t\tif (pos === -1) return 0;","\t\t\tscore = token.string.length / value.length;","\t\t\tif (pos === 0) score += 0.5;","\t\t\treturn score;","\t\t};","","\t\t/**","\t\t * Calculates the score of an object","\t\t * against the search query.","\t\t *","\t\t * @param {object} token","\t\t * @param {object} data","\t\t * @return {number}","\t\t */","\t\tvar scoreObject = (function() {","\t\t\tvar field_count = fields.length;","\t\t\tif (!field_count) {","\t\t\t\treturn function() { return 0; };","\t\t\t}","\t\t\tif (field_count === 1) {","\t\t\t\treturn function(token, data) {","\t\t\t\t\treturn scoreValue(getattr(data, fields[0], nesting), token);","\t\t\t\t};","\t\t\t}","\t\t\treturn function(token, data) {","\t\t\t\tfor (var i = 0, sum = 0; i < field_count; i++) {","\t\t\t\t\tsum += scoreValue(getattr(data, fields[i], nesting), token);","\t\t\t\t}","\t\t\t\treturn sum / field_count;","\t\t\t};","\t\t})();","","\t\tif (!token_count) {","\t\t\treturn function() { return 0; };","\t\t}","\t\tif (token_count === 1) {","\t\t\treturn function(data) {","\t\t\t\treturn scoreObject(tokens[0], data);","\t\t\t};","\t\t}","","\t\tif (search.options.conjunction === 'and') {","\t\t\treturn function(data) {","\t\t\t\tvar score;","\t\t\t\tfor (var i = 0, sum = 0; i < token_count; i++) {","\t\t\t\t\tscore = scoreObject(tokens[i], data);","\t\t\t\t\tif (score <= 0) return 0;","\t\t\t\t\tsum += score;","\t\t\t\t}","\t\t\t\treturn sum / token_count;","\t\t\t};","\t\t} else {","\t\t\treturn function(data) {","\t\t\t\tfor (var i = 0, sum = 0; i < token_count; i++) {","\t\t\t\t\tsum += scoreObject(tokens[i], data);","\t\t\t\t}","\t\t\t\treturn sum / token_count;","\t\t\t};","\t\t}","\t};","","\t/**","\t * Returns a function that can be used to compare two","\t * results, for sorting purposes. If no sorting should","\t * be performed, `null` will be returned.","\t *","\t * @param {string|object} search","\t * @param {object} options","\t * @return function(a,b)","\t */","\tSifter.prototype.getSortFunction = function(search, options) {","\t\tvar i, n, self, field, fields, fields_count, multiplier, multipliers, get_field, implicit_score, sort;","","\t\tself   = this;","\t\tsearch = self.prepareSearch(search, options);","\t\tsort   = (!search.query && options.sort_empty) || options.sort;","","\t\t/**","\t\t * Fetches the specified sort field value","\t\t * from a search result item.","\t\t *","\t\t * @param  {string} name","\t\t * @param  {object} result","\t\t * @return {mixed}","\t\t */","\t\tget_field = function(name, result) {","\t\t\tif (name === '$score') return result.score;","\t\t\treturn getattr(self.items[result.id], name, options.nesting);","\t\t};","","\t\t// parse options","\t\tfields = [];","\t\tif (sort) {","\t\t\tfor (i = 0, n = sort.length; i < n; i++) {","\t\t\t\tif (search.query || sort[i].field !== '$score') {","\t\t\t\t\tfields.push(sort[i]);","\t\t\t\t}","\t\t\t}","\t\t}","","\t\t// the \"$score\" field is implied to be the primary","\t\t// sort field, unless it's manually specified","\t\tif (search.query) {","\t\t\timplicit_score = true;","\t\t\tfor (i = 0, n = fields.length; i < n; i++) {","\t\t\t\tif (fields[i].field === '$score') {","\t\t\t\t\timplicit_score = false;","\t\t\t\t\tbreak;","\t\t\t\t}","\t\t\t}","\t\t\tif (implicit_score) {","\t\t\t\tfields.unshift({field: '$score', direction: 'desc'});","\t\t\t}","\t\t} else {","\t\t\tfor (i = 0, n = fields.length; i < n; i++) {","\t\t\t\tif (fields[i].field === '$score') {","\t\t\t\t\tfields.splice(i, 1);","\t\t\t\t\tbreak;","\t\t\t\t}","\t\t\t}","\t\t}","","\t\tmultipliers = [];","\t\tfor (i = 0, n = fields.length; i < n; i++) {","\t\t\tmultipliers.push(fields[i].direction === 'desc' ? -1 : 1);","\t\t}","","\t\t// build function","\t\tfields_count = fields.length;","\t\tif (!fields_count) {","\t\t\treturn null;","\t\t} else if (fields_count === 1) {","\t\t\tfield = fields[0].field;","\t\t\tmultiplier = multipliers[0];","\t\t\treturn function(a, b) {","\t\t\t\treturn multiplier * cmp(","\t\t\t\t\tget_field(field, a),","\t\t\t\t\tget_field(field, b)","\t\t\t\t);","\t\t\t};","\t\t} else {","\t\t\treturn function(a, b) {","\t\t\t\tvar i, result, a_value, b_value, field;","\t\t\t\tfor (i = 0; i < fields_count; i++) {","\t\t\t\t\tfield = fields[i].field;","\t\t\t\t\tresult = multipliers[i] * cmp(","\t\t\t\t\t\tget_field(field, a),","\t\t\t\t\t\tget_field(field, b)","\t\t\t\t\t);","\t\t\t\t\tif (result) return result;","\t\t\t\t}","\t\t\t\treturn 0;","\t\t\t};","\t\t}","\t};","","\t/**","\t * Parses a search query and returns an object","\t * with tokens and fields ready to be populated","\t * with results.","\t *","\t * @param {string} query","\t * @param {object} options","\t * @returns {object}","\t */","\tSifter.prototype.prepareSearch = function(query, options) {","\t\tif (typeof query === 'object') return query;","","\t\toptions = extend({}, options);","","\t\tvar option_fields     = options.fields;","\t\tvar option_sort       = options.sort;","\t\tvar option_sort_empty = options.sort_empty;","","\t\tif (option_fields && !is_array(option_fields)) options.fields = [option_fields];","\t\tif (option_sort && !is_array(option_sort)) options.sort = [option_sort];","\t\tif (option_sort_empty && !is_array(option_sort_empty)) options.sort_empty = [option_sort_empty];","","\t\treturn {","\t\t\toptions : options,","\t\t\tquery   : String(query || '').toLowerCase(),","\t\t\ttokens  : this.tokenize(query),","\t\t\ttotal   : 0,","\t\t\titems   : []","\t\t};","\t};","","\t/**","\t * Searches through all items and returns a sorted array of matches.","\t *","\t * The `options` parameter can contain:","\t *","\t *   - fields {string|array}","\t *   - sort {array}","\t *   - score {function}","\t *   - filter {bool}","\t *   - limit {integer}","\t *","\t * Returns an object containing:","\t *","\t *   - options {object}","\t *   - query {string}","\t *   - tokens {array}","\t *   - total {int}","\t *   - items {array}","\t *","\t * @param {string} query","\t * @param {object} options","\t * @returns {object}","\t */","\tSifter.prototype.search = function(query, options) {","\t\tvar self = this, value, score, search, calculateScore;","\t\tvar fn_sort;","\t\tvar fn_score;","","\t\tsearch  = this.prepareSearch(query, options);","\t\toptions = search.options;","\t\tquery   = search.query;","","\t\t// generate result scoring function","\t\tfn_score = options.score || self.getScoreFunction(search);","","\t\t// perform search and sort","\t\tif (query.length) {","\t\t\tself.iterator(self.items, function(item, id) {","\t\t\t\tscore = fn_score(item);","\t\t\t\tif (options.filter === false || score > 0) {","\t\t\t\t\tsearch.items.push({'score': score, 'id': id});","\t\t\t\t}","\t\t\t});","\t\t} else {","\t\t\tself.iterator(self.items, function(item, id) {","\t\t\t\tsearch.items.push({'score': 1, 'id': id});","\t\t\t});","\t\t}","","\t\tfn_sort = self.getSortFunction(search, options);","\t\tif (fn_sort) search.items.sort(fn_sort);","","\t\t// apply limits","\t\tsearch.total = search.items.length;","\t\tif (typeof options.limit === 'number') {","\t\t\tsearch.items = search.items.slice(0, options.limit);","\t\t}","","\t\treturn search;","\t};","","\t// utilities","\t// - - - - - - - - - - - - - - - - - - - - - - - - - - - - - - - - - - - - - - - -","","\tvar cmp = function(a, b) {","\t\tif (typeof a === 'number' && typeof b === 'number') {","\t\t\treturn a > b ? 1 : (a < b ? -1 : 0);","\t\t}","\t\ta = asciifold(String(a || ''));","\t\tb = asciifold(String(b || ''));","\t\tif (a > b) return 1;","\t\tif (b > a) return -1;","\t\treturn 0;","\t};","","\tvar extend = function(a, b) {","\t\tvar i, n, k, object;","\t\tfor (i = 1, n = arguments.length; i < n; i++) {","\t\t\tobject = arguments[i];","\t\t\tif (!object) continue;","\t\t\tfor (k in object) {","\t\t\t\tif (object.hasOwnProperty(k)) {","\t\t\t\t\ta[k] = object[k];","\t\t\t\t}","\t\t\t}","\t\t}","\t\treturn a;","\t};","","\t/**","\t * A property getter resolving dot-notation","\t * @param  {Object}  obj     The root object to fetch property on","\t * @param  {String}  name    The optionally dotted property name to fetch","\t * @param  {Boolean} nesting Handle nesting or not","\t * @return {Object}          The resolved property value","\t */","\tvar getattr = function(obj, name, nesting) {","\t    if (!obj || !name) return;","\t    if (!nesting) return obj[name];","\t    var names = name.split(\".\");","\t    while(names.length && (obj = obj[names.shift()]));","\t    return obj;","\t};","","\tvar trim = function(str) {","\t\treturn (str + '').replace(/^\\s+|\\s+$|/g, '');","\t};","","\tvar escape_regex = function(str) {","\t\treturn (str + '').replace(/([.?*+^$[\\]\\\\(){}|-])/g, '\\\\$1');","\t};","","\tvar is_array = Array.isArray || (typeof $ !== 'undefined' && $.isArray) || function(object) {","\t\treturn Object.prototype.toString.call(object) === '[object Array]';","\t};","","\tvar DIACRITICS = {","\t\t'a': '[aḀḁĂăÂâǍǎȺⱥȦȧẠạÄäÀàÁáĀāÃãÅåąĄÃąĄ]',","\t\t'b': '[b␢βΒB฿𐌁ᛒ]',","\t\t'c': '[cĆćĈĉČčĊċC̄c̄ÇçḈḉȻȼƇƈɕᴄＣｃ]',","\t\t'd': '[dĎďḊḋḐḑḌḍḒḓḎḏĐđD̦d̦ƉɖƊɗƋƌᵭᶁᶑȡᴅＤｄð]',","\t\t'e': '[eÉéÈèÊêḘḙĚěĔĕẼẽḚḛẺẻĖėËëĒēȨȩĘęᶒɆɇȄȅẾếỀềỄễỂểḜḝḖḗḔḕȆȇẸẹỆệⱸᴇＥｅɘǝƏƐε]',","\t\t'f': '[fƑƒḞḟ]',","\t\t'g': '[gɢ₲ǤǥĜĝĞğĢģƓɠĠġ]',","\t\t'h': '[hĤĥĦħḨḩẖẖḤḥḢḣɦʰǶƕ]',","\t\t'i': '[iÍíÌìĬĭÎîǏǐÏïḮḯĨĩĮįĪīỈỉȈȉȊȋỊịḬḭƗɨɨ̆ᵻᶖİiIıɪＩｉ]',","\t\t'j': '[jȷĴĵɈɉʝɟʲ]',","\t\t'k': '[kƘƙꝀꝁḰḱǨǩḲḳḴḵκϰ₭]',","\t\t'l': '[lŁłĽľĻļĹĺḶḷḸḹḼḽḺḻĿŀȽƚⱠⱡⱢɫɬᶅɭȴʟＬｌ]',","\t\t'n': '[nŃńǸǹŇňÑñṄṅŅņṆṇṊṋṈṉN̈n̈ƝɲȠƞᵰᶇɳȵɴＮｎŊŋ]',","\t\t'o': '[oØøÖöÓóÒòÔôǑǒŐőŎŏȮȯỌọƟɵƠơỎỏŌōÕõǪǫȌȍՕօ]',","\t\t'p': '[pṔṕṖṗⱣᵽƤƥᵱ]',","\t\t'q': '[qꝖꝗʠɊɋꝘꝙq̃]',","\t\t'r': '[rŔŕɌɍŘřŖŗṘṙȐȑȒȓṚṛⱤɽ]',","\t\t's': '[sŚśṠṡṢṣꞨꞩŜŝŠšŞşȘșS̈s̈]',","\t\t't': '[tŤťṪṫŢţṬṭƮʈȚțṰṱṮṯƬƭ]',","\t\t'u': '[uŬŭɄʉỤụÜüÚúÙùÛûǓǔŰűŬŭƯưỦủŪūŨũŲųȔȕ∪]',","\t\t'v': '[vṼṽṾṿƲʋꝞꝟⱱʋ]',","\t\t'w': '[wẂẃẀẁŴŵẄẅẆẇẈẉ]',","\t\t'x': '[xẌẍẊẋχ]',","\t\t'y': '[yÝýỲỳŶŷŸÿỸỹẎẏỴỵɎɏƳƴ]',","\t\t'z': '[zŹźẐẑŽžŻżẒẓẔẕƵƶ]'","\t};","","\tvar asciifold = (function() {","\t\tvar i, n, k, chunk;","\t\tvar foreignletters = '';","\t\tvar lookup = {};","\t\tfor (k in DIACRITICS) {","\t\t\tif (DIACRITICS.hasOwnProperty(k)) {","\t\t\t\tchunk = DIACRITICS[k].substring(2, DIACRITICS[k].length - 1);","\t\t\t\tforeignletters += chunk;","\t\t\t\tfor (i = 0, n = chunk.length; i < n; i++) {","\t\t\t\t\tlookup[chunk.charAt(i)] = k;","\t\t\t\t}","\t\t\t}","\t\t}","\t\tvar regexp = new RegExp('[' +  foreignletters + ']', 'g');","\t\treturn function(str) {","\t\t\treturn str.replace(regexp, function(foreignletter) {","\t\t\t\treturn lookup[foreignletter];","\t\t\t}).toLowerCase();","\t\t};","\t})();","","","\t// export","\t// - - - - - - - - - - - - - - - - - - - - - - - - - - - - - - - - - - - - - - - -","","\treturn Sifter;","}));","",""],"l":{"17":1,"18":1,"19":0,"20":1,"21":1,"23":0,"36":1,"37":0,"38":0,"48":1,"49":0,"50":0,"52":0,"53":0,"54":0,"56":0,"57":0,"58":0,"59":0,"60":0,"61":0,"65":0,"71":0,"85":1,"86":0,"87":0,"88":0,"89":0,"90":0,"94":0,"95":0,"96":0,"97":0,"103":0,"116":1,"117":0,"119":0,"120":0,"121":0,"122":0,"123":0,"124":0,"134":0,"135":0,"137":0,"138":0,"139":0,"140":0,"141":0,"142":0,"143":0,"154":0,"155":0,"156":0,"157":0,"159":0,"160":0,"161":0,"164":0,"165":0,"166":0,"168":0,"172":0,"173":0,"175":0,"176":0,"177":0,"181":0,"182":0,"183":0,"184":0,"185":0,"186":0,"187":0,"189":0,"192":0,"193":0,"194":0,"196":0,"210":1,"211":0,"213":0,"214":0,"215":0,"225":0,"226":0,"227":0,"231":0,"232":0,"233":0,"234":0,"235":0,"242":0,"243":0,"244":0,"245":0,"246":0,"247":0,"250":0,"251":0,"254":0,"255":0,"256":0,"257":0,"262":0,"263":0,"264":0,"268":0,"269":0,"270":0,"271":0,"272":0,"273":0,"274":0,"275":0,"281":0,"282":0,"283":0,"284":0,"285":0,"289":0,"291":0,"305":1,"306":0,"308":0,"310":0,"311":0,"312":0,"314":0,"315":0,"316":0,"318":0,"350":1,"351":0,"352":0,"353":0,"355":0,"356":0,"357":0,"360":0,"363":0,"364":0,"365":0,"366":0,"367":0,"371":0,"372":0,"376":0,"377":0,"380":0,"381":0,"382":0,"385":0,"391":1,"392":0,"393":0,"395":0,"396":0,"397":0,"398":0,"399":0,"402":1,"403":0,"404":0,"405":0,"406":0,"407":0,"408":0,"409":0,"413":0,"423":1,"424":0,"425":0,"426":0,"427":0,"428":0,"431":1,"432":0,"435":1,"436":0,"439":1,"440":0,"443":1,"471":1,"472":1,"473":1,"474":1,"475":1,"476":25,"477":25,"478":25,"479":25,"480":525,"484":1,"485":1,"486":0,"487":0,"496":1}}}